Flow report for niosII_microc_lab2
Wed Mar 23 16:32:44 2016
Quartus II 32-bit Version 12.1 Build 243 01/31/2013 Service Pack 1 SJ Full Version


---------------------
; Table of Contents ;
---------------------
  1. Legal Notice
  2. Flow Summary
  3. Flow Settings
  4. Flow Non-Default Global Settings
  5. Flow Elapsed Time
  6. Flow OS Summary
  7. Flow Log



----------------
; Legal Notice ;
----------------
Copyright (C) 1991-2012 Altera Corporation
Your use of Altera Corporation's design tools, logic functions 
and other software and tools, and its AMPP partner logic 
functions, and any output files from any of the foregoing 
(including device programming or simulation files), and any 
associated documentation or information are expressly subject 
to the terms and conditions of the Altera Program License 
Subscription Agreement, Altera MegaCore Function License 
Agreement, or other applicable license agreement, including, 
without limitation, that your use is for the sole purpose of 
programming logic devices manufactured by Altera and sold by 
Altera or its authorized distributors.  Please refer to the 
applicable agreement for further details.



+-------------------------------------------------------------------------------------+
; Flow Summary                                                                        ;
+------------------------------------+------------------------------------------------+
; Flow Status                        ; Successful - Wed Mar 23 16:32:44 2016          ;
; Quartus II 32-bit Version          ; 12.1 Build 243 01/31/2013 SP 1 SJ Full Version ;
; Revision Name                      ; niosII_microc_lab2                             ;
; Top-level Entity Name              ; niosII_microc_lab2                             ;
; Family                             ; Cyclone II                                     ;
; Device                             ; EP2C35F672C6                                   ;
; Timing Models                      ; Final                                          ;
; Total logic elements               ; 3,544 / 33,216 ( 11 % )                        ;
;     Total combinational functions  ; 3,299 / 33,216 ( 10 % )                        ;
;     Dedicated logic registers      ; 2,056 / 33,216 ( 6 % )                         ;
; Total registers                    ; 2124                                           ;
; Total pins                         ; 146 / 475 ( 31 % )                             ;
; Total virtual pins                 ; 0                                              ;
; Total memory bits                  ; 150,528 / 483,840 ( 31 % )                     ;
; Embedded Multiplier 9-bit elements ; 0 / 70 ( 0 % )                                 ;
; Total PLLs                         ; 2 / 4 ( 50 % )                                 ;
+------------------------------------+------------------------------------------------+


+-----------------------------------------+
; Flow Settings                           ;
+-------------------+---------------------+
; Option            ; Setting             ;
+-------------------+---------------------+
; Start date & time ; 03/23/2016 16:30:59 ;
; Main task         ; Compilation         ;
; Revision Name     ; niosII_microc_lab2  ;
+-------------------+---------------------+


+----------------------------------------------------------------------------------------------------------------------------+
; Flow Non-Default Global Settings                                                                                           ;
+-------------------------------------+---------------------------------------+---------------+-------------+----------------+
; Assignment Name                     ; Value                                 ; Default Value ; Entity Name ; Section Id     ;
+-------------------------------------+---------------------------------------+---------------+-------------+----------------+
; COMPILER_SIGNATURE_ID               ; 48549626649556.145877225806630        ; --            ; --          ; --             ;
; EDA_OUTPUT_DATA_FORMAT              ; Vhdl                                  ; --            ; --          ; eda_simulation ;
; EDA_SIMULATION_TOOL                 ; ModelSim-Altera (VHDL)                ; <None>        ; --          ; --             ;
; MAX_CORE_JUNCTION_TEMP              ; 85                                    ; --            ; --          ; --             ;
; MIN_CORE_JUNCTION_TEMP              ; 0                                     ; --            ; --          ; --             ;
; PARTITION_COLOR                     ; 16764057                              ; --            ; --          ; Top            ;
; PARTITION_FITTER_PRESERVATION_LEVEL ; PLACEMENT_AND_ROUTING                 ; --            ; --          ; Top            ;
; PARTITION_NETLIST_TYPE              ; SOURCE                                ; --            ; --          ; Top            ;
; POWER_BOARD_THERMAL_MODEL           ; None (CONSERVATIVE)                   ; --            ; --          ; --             ;
; POWER_PRESET_COOLING_SOLUTION       ; 23 MM HEAT SINK WITH 200 LFPM AIRFLOW ; --            ; --          ; --             ;
; PROJECT_OUTPUT_DIRECTORY            ; output_files                          ; --            ; --          ; --             ;
+-------------------------------------+---------------------------------------+---------------+-------------+----------------+


+-------------------------------------------------------------------------------------------------------------------------------+
; Flow Elapsed Time                                                                                                             ;
+---------------------------+--------------+-------------------------+---------------------+------------------------------------+
; Module Name               ; Elapsed Time ; Average Processors Used ; Peak Virtual Memory ; Total CPU Time (on all processors) ;
+---------------------------+--------------+-------------------------+---------------------+------------------------------------+
; Analysis & Synthesis      ; 00:01:03     ; 1.0                     ; 432 MB              ; 00:01:19                           ;
; Fitter                    ; 00:00:20     ; 2.3                     ; 528 MB              ; 00:00:25                           ;
; Assembler                 ; 00:00:03     ; 1.0                     ; 335 MB              ; 00:00:02                           ;
; TimeQuest Timing Analyzer ; 00:00:03     ; 1.0                     ; 356 MB              ; 00:00:01                           ;
; EDA Netlist Writer        ; 00:00:04     ; 1.0                     ; 330 MB              ; 00:00:03                           ;
; Total                     ; 00:01:33     ; --                      ; --                  ; 00:01:50                           ;
+---------------------------+--------------+-------------------------+---------------------+------------------------------------+


+-------------------------------------------------------------------------------------------------------+
; Flow OS Summary                                                                                       ;
+---------------------------+--------------------------+------------------+------------+----------------+
; Module Name               ; Machine Hostname         ; OS Name          ; OS Version ; Processor type ;
+---------------------------+--------------------------+------------------+------------+----------------+
; Analysis & Synthesis      ; e3-11-19.ece.ualberta.ca ; Scientific Linux ; 6          ; x86_64         ;
; Fitter                    ; e3-11-19.ece.ualberta.ca ; Scientific Linux ; 6          ; x86_64         ;
; Assembler                 ; e3-11-19.ece.ualberta.ca ; Scientific Linux ; 6          ; x86_64         ;
; TimeQuest Timing Analyzer ; e3-11-19.ece.ualberta.ca ; Scientific Linux ; 6          ; x86_64         ;
; EDA Netlist Writer        ; e3-11-19.ece.ualberta.ca ; Scientific Linux ; 6          ; x86_64         ;
+---------------------------+--------------------------+------------------+------------+----------------+


------------
; Flow Log ;
------------
quartus_map --read_settings_files=on --write_settings_files=off niosII_microc_lab2 -c niosII_microc_lab2
quartus_fit --read_settings_files=off --write_settings_files=off niosII_microc_lab2 -c niosII_microc_lab2
quartus_asm --read_settings_files=off --write_settings_files=off niosII_microc_lab2 -c niosII_microc_lab2
quartus_sta niosII_microc_lab2 -c niosII_microc_lab2
quartus_eda --read_settings_files=off --write_settings_files=off niosII_microc_lab2 -c niosII_microc_lab2



