Info: Starting: Create block symbol file (.bsf)
Info: ip-generate --project-directory=/afs/ualberta.ca/home/j/p/jpeard/ECE492_Projects/niosII_microc_lab2/scripts/ --output-directory=/afs/ualberta.ca/home/j/p/jpeard/ECE492_Projects/niosII_microc_lab2/scripts/niosII_system/ --report-file=bsf:/afs/ualberta.ca/home/j/p/jpeard/ECE492_Projects/niosII_microc_lab2/scripts/niosII_system.bsf --system-info=DEVICE_FAMILY="Cyclone II" --system-info=DEVICE=EP2C35F672C6 --system-info=DEVICE_SPEEDGRADE=6 --component-file=/afs/ualberta.ca/home/j/p/jpeard/ECE492_Projects/niosII_microc_lab2/scripts/niosII_system.qsys
Progress: Loading scripts/niosII_system.qsys
Progress: Reading input file
Progress: Adding clk_0 [clock_source 12.1]
Progress: Parameterizing module clk_0
Progress: Adding nios2_qsys_0 [altera_nios2_qsys 12.1]
Progress: Parameterizing module nios2_qsys_0
Progress: Adding onchip_memory2_0 [altera_avalon_onchip_memory2 12.1]
Progress: Parameterizing module onchip_memory2_0
Progress: Adding sysid_qsys_0 [altera_avalon_sysid_qsys 12.1]
Progress: Parameterizing module sysid_qsys_0
Progress: Adding timer_0 [altera_avalon_timer 12.1]
Progress: Parameterizing module timer_0
Progress: Adding jtag_uart_0 [altera_avalon_jtag_uart 12.1]
Progress: Parameterizing module jtag_uart_0
Progress: Adding character_lcd_0 [altera_up_avalon_character_lcd 12.0]
Progress: Parameterizing module character_lcd_0
Progress: Adding green_leds [altera_avalon_pio 12.1]
Progress: Parameterizing module green_leds
Progress: Adding switch [altera_avalon_pio 12.1]
Progress: Parameterizing module switch
Progress: Adding altpll_0 [altpll 12.1]
Progress: Parameterizing module altpll_0
Progress: Adding sdram_0 [altera_avalon_new_sdram_controller 12.1]
Progress: Parameterizing module sdram_0
Progress: Adding sram_0 [altera_up_avalon_sram 12.0]
Progress: Parameterizing module sram_0
Progress: Adding gate_timer [altera_avalon_timer 12.1]
Progress: Parameterizing module gate_timer
Progress: Adding frequencyCounter_0 [frequencyCounter 1.0]
Progress: Parameterizing module frequencyCounter_0
Progress: Building connections
Progress: Parameterizing connections
Progress: Validating
Progress: Done reading input file
Info: niosII_system.onchip_memory2_0: Memory will be initialized from onchip_memory2_0.hex
Info: niosII_system.sysid_qsys_0: System ID is not assigned automatically. Edit the System ID parameter to provide a unique ID
Info: niosII_system.sysid_qsys_0: Time stamp will be automatically updated when this component is generated.
Warning: niosII_system.altpll_0: altpll_0.areset_conduit must be exported, or connected to a matching conduit.
Warning: niosII_system.altpll_0: altpll_0.locked_conduit must be exported, or connected to a matching conduit.
Warning: niosII_system.altpll_0: altpll_0.phasedone_conduit must be exported, or connected to a matching conduit.
Warning: niosII_system.frequencyCounter_0: frequencyCounter_0.conduit_end must be exported, or connected to a matching conduit.
Info: ip-generate succeeded.
Info: Finished: Create block symbol file (.bsf)
Info: 
Info: Starting: Create HDL design files for synthesis
Info: ip-generate --project-directory=/afs/ualberta.ca/home/j/p/jpeard/ECE492_Projects/niosII_microc_lab2/scripts/ --output-directory=/afs/ualberta.ca/home/j/p/jpeard/ECE492_Projects/niosII_microc_lab2/scripts/niosII_system/synthesis/ --file-set=QUARTUS_SYNTH --report-file=sopcinfo:/afs/ualberta.ca/home/j/p/jpeard/ECE492_Projects/niosII_microc_lab2/scripts/niosII_system.sopcinfo --report-file=html:/afs/ualberta.ca/home/j/p/jpeard/ECE492_Projects/niosII_microc_lab2/scripts/niosII_system.html --report-file=qip:/afs/ualberta.ca/home/j/p/jpeard/ECE492_Projects/niosII_microc_lab2/scripts/niosII_system/synthesis/niosII_system.qip --report-file=cmp:/afs/ualberta.ca/home/j/p/jpeard/ECE492_Projects/niosII_microc_lab2/scripts/niosII_system.cmp --system-info=DEVICE_FAMILY="Cyclone II" --system-info=DEVICE=EP2C35F672C6 --system-info=DEVICE_SPEEDGRADE=6 --component-file=/afs/ualberta.ca/home/j/p/jpeard/ECE492_Projects/niosII_microc_lab2/scripts/niosII_system.qsys
Progress: Loading scripts/niosII_system.qsys
Progress: Reading input file
Progress: Adding clk_0 [clock_source 12.1]
Progress: Parameterizing module clk_0
Progress: Adding nios2_qsys_0 [altera_nios2_qsys 12.1]
Progress: Parameterizing module nios2_qsys_0
Progress: Adding onchip_memory2_0 [altera_avalon_onchip_memory2 12.1]
Progress: Parameterizing module onchip_memory2_0
Progress: Adding sysid_qsys_0 [altera_avalon_sysid_qsys 12.1]
Progress: Parameterizing module sysid_qsys_0
Progress: Adding timer_0 [altera_avalon_timer 12.1]
Progress: Parameterizing module timer_0
Progress: Adding jtag_uart_0 [altera_avalon_jtag_uart 12.1]
Progress: Parameterizing module jtag_uart_0
Progress: Adding character_lcd_0 [altera_up_avalon_character_lcd 12.0]
Progress: Parameterizing module character_lcd_0
Progress: Adding green_leds [altera_avalon_pio 12.1]
Progress: Parameterizing module green_leds
Progress: Adding switch [altera_avalon_pio 12.1]
Progress: Parameterizing module switch
Progress: Adding altpll_0 [altpll 12.1]
Progress: Parameterizing module altpll_0
Progress: Adding sdram_0 [altera_avalon_new_sdram_controller 12.1]
Progress: Parameterizing module sdram_0
Progress: Adding sram_0 [altera_up_avalon_sram 12.0]
Progress: Parameterizing module sram_0
Progress: Adding gate_timer [altera_avalon_timer 12.1]
Progress: Parameterizing module gate_timer
Progress: Adding frequencyCounter_0 [frequencyCounter 1.0]
Progress: Parameterizing module frequencyCounter_0
Progress: Building connections
Progress: Parameterizing connections
Progress: Validating
Progress: Done reading input file
Info: niosII_system.onchip_memory2_0: Memory will be initialized from onchip_memory2_0.hex
Info: niosII_system.sysid_qsys_0: System ID is not assigned automatically. Edit the System ID parameter to provide a unique ID
Info: niosII_system.sysid_qsys_0: Time stamp will be automatically updated when this component is generated.
Warning: niosII_system.altpll_0: altpll_0.areset_conduit must be exported, or connected to a matching conduit.
Warning: niosII_system.altpll_0: altpll_0.locked_conduit must be exported, or connected to a matching conduit.
Warning: niosII_system.altpll_0: altpll_0.phasedone_conduit must be exported, or connected to a matching conduit.
Warning: niosII_system.frequencyCounter_0: frequencyCounter_0.conduit_end must be exported, or connected to a matching conduit.
Info: niosII_system: Generating niosII_system "niosII_system" for QUARTUS_SYNTH
Info: pipeline_bridge_swap_transform: After transform: 13 modules, 55 connections
Info: No custom instruction connections, skipping transform 
Info: merlin_translator_transform: After transform: 27 modules, 111 connections
Info: merlin_domain_transform: After transform: 55 modules, 297 connections
Info: merlin_router_transform: After transform: 69 modules, 353 connections
Info: merlin_burst_transform: After transform: 72 modules, 365 connections
Info: reset_adaptation_transform: After transform: 74 modules, 287 connections
Info: merlin_network_to_switch_transform: After transform: 101 modules, 347 connections
Info: merlin_width_transform: After transform: 107 modules, 365 connections
Info: Inserting clock-crossing logic between cmd_xbar_demux_001.src9 and cmd_xbar_mux_009.sink0
Info: Inserting clock-crossing logic between rsp_xbar_demux_009.src0 and rsp_xbar_mux_001.sink9
Info: com_altera_sopcmodel_transforms_avalon_ClockCrossingTransform: After transform: 109 modules, 375 connections
Info: merlin_interrupt_mapper_transform: After transform: 110 modules, 378 connections
Info: nios2_qsys_0: Starting RTL generation for module 'niosII_system_nios2_qsys_0'
Info: nios2_qsys_0:   Generation command is [exec /OPT/altera/12.1/tools/quartus/../ip/altera/nios2_ip/altera_nios2/eperl -I /OPT/altera/12.1/tools/quartus/common/ip/altera/common/perl/5.8.3 -I /OPT/altera/12.1/tools/quartus/sopc_builder/bin/europa -I /OPT/altera/12.1/tools/quartus/sopc_builder/bin/perl_lib -I /OPT/altera/12.1/tools/quartus/sopc_builder/bin -I /OPT/altera/12.1/tools/quartus/../ip/altera/nios2_ip/altera_nios2/cpu_lib -I /OPT/altera/12.1/tools/quartus/../ip/altera/nios2_ip/altera_nios2/nios_lib -I /OPT/altera/12.1/tools/quartus/../ip/altera/nios2_ip/altera_nios2 -I /OPT/altera/12.1/tools/quartus/../ip/altera/nios2_ip/altera_nios2 -- /OPT/altera/12.1/tools/quartus/../ip/altera/nios2_ip/altera_nios2/generate_rtl.epl --name=niosII_system_nios2_qsys_0 --dir=/tmp/alt6818_8191847156284095077.dir/0003_nios2_qsys_0_gen/ --quartus_dir=/OPT/altera/12.1/tools/quartus --verilog --config=/tmp/alt6818_8191847156284095077.dir/0003_nios2_qsys_0_gen//niosII_system_nios2_qsys_0_processor_configuration.pl  --do_build_sim=0    --bogus  ]
Info: nios2_qsys_0: # 2016.01.18 15:20:20 (*) Starting Nios II generation
Info: nios2_qsys_0: # 2016.01.18 15:20:20 (*)   Checking for plaintext license.
Info: nios2_qsys_0: # 2016.01.18 15:20:21 (*)   Couldn't query license setup in Quartus directory /OPT/altera/12.1/tools/quartus
Info: nios2_qsys_0: # 2016.01.18 15:20:21 (*)   Defaulting to contents of LM_LICENSE_FILE environment variable
Info: nios2_qsys_0: # 2016.01.18 15:20:21 (*)   Plaintext license not found.
Info: nios2_qsys_0: # 2016.01.18 15:20:21 (*)   No license required to generate encrypted Nios II/e.
Info: nios2_qsys_0: # 2016.01.18 15:20:21 (*)   Elaborating CPU configuration settings
Info: nios2_qsys_0: # 2016.01.18 15:20:21 (*)   Creating all objects for CPU
Info: nios2_qsys_0: # 2016.01.18 15:20:22 (*)   Generating RTL from CPU objects
Info: nios2_qsys_0: # 2016.01.18 15:20:22 (*)   Creating plain-text RTL
Info: nios2_qsys_0: # 2016.01.18 15:20:24 (*) Done Nios II generation
Info: nios2_qsys_0: Done RTL generation for module 'niosII_system_nios2_qsys_0'
Info: nios2_qsys_0: "niosII_system" instantiated altera_nios2_qsys "nios2_qsys_0"
Info: Starting classic module elaboration.
"/OPT/altera/12.1/tools/quartus/linux/jre/bin/java" -Xmx512M -classpath "/OPT/altera/12.1/tools/quartus/sopc_builder/bin/sopc_builder.jar:/OPT/altera/12.1/tools/quartus/sopc_builder/bin/PinAssigner.jar:/OPT/altera/12.1/tools/quartus/sopc_builder/bin/sopc_wizard.jar:/OPT/altera/12.1/tools/quartus/sopc_builder/bin/jptf.jar" sopc_builder.sopc_builder  -d"/OPT/altera/12.1/tools/quartus/sopc_builder" -notalkback=1 -projectnameyysystem.qpf -projectpath/tmp/alt6818_8191847156284095077.dir/0004_sopclgen  --no_splash --refresh /tmp/alt6818_8191847156284095077.dir/0004_sopclgen/yysystem.v --quartus_dir="/OPT/altera/12.1/tools/quartus" --sopc_perl="/OPT/altera/12.1/tools/quartus/linux/perl" --sopc_lib_path="++/OPT/altera/12.1/tools/quartus/../ip/altera/sopc_builder_ip+/OPT/altera/12.1/tools/quartus/../ip/altera/nios2_ip"
Info: Finished elaborating classic module.
Executing: /OPT/altera/12.1/tools/quartus//sopc_builder/bin/sopc_builder --classic --generate /tmp/alt6818_8191847156284095077.dir/0004_sopclgen/yysystem.ptf
Info: Running sopc_builder...
"/OPT/altera/12.1/tools/quartus//linux/jre/bin/java" -Xmx512M -classpath "/OPT/altera/12.1/tools/quartus//sopc_builder/bin/sopc_builder.jar:/OPT/altera/12.1/tools/quartus//sopc_builder/bin/PinAssigner.jar:/OPT/altera/12.1/tools/quartus//sopc_builder/bin/sopc_wizard.jar:/OPT/altera/12.1/tools/quartus//sopc_builder/bin/jptf.jar" sopc_builder.sopc_builder  -d"/OPT/altera/12.1/tools/quartus//sopc_builder" -notalkback=1 -projectnameyysystem.qpf -projectpath/tmp/alt6818_8191847156284095077.dir/0004_sopclgen  --generate /tmp/alt6818_8191847156284095077.dir/0004_sopclgen/yysystem.v --quartus_dir="/OPT/altera/12.1/tools/quartus/" --sopc_perl="/OPT/altera/12.1/tools/quartus//linux/perl" --sopc_lib_path="++/OPT/altera/12.1/tools/quartus//../ip/altera/sopc_builder_ip+/OPT/altera/12.1/tools/quartus//../ip/altera/nios2_ip"
.
# 2016.01.18 15:20:28 (*) Success: sopc_builder finished.
Info: onchip_memory2_0: "niosII_system" instantiated altera_avalon_onchip_memory2 "onchip_memory2_0"
Info: sysid_qsys_0: "niosII_system" instantiated altera_avalon_sysid_qsys "sysid_qsys_0"
Info: Starting classic module elaboration.
"/OPT/altera/12.1/tools/quartus/linux/jre/bin/java" -Xmx512M -classpath "/OPT/altera/12.1/tools/quartus/sopc_builder/bin/sopc_builder.jar:/OPT/altera/12.1/tools/quartus/sopc_builder/bin/PinAssigner.jar:/OPT/altera/12.1/tools/quartus/sopc_builder/bin/sopc_wizard.jar:/OPT/altera/12.1/tools/quartus/sopc_builder/bin/jptf.jar" sopc_builder.sopc_builder  -d"/OPT/altera/12.1/tools/quartus/sopc_builder" -notalkback=1 -projectnameyysystem.qpf -projectpath/tmp/alt6818_8191847156284095077.dir/0006_sopclgen  --no_splash --refresh /tmp/alt6818_8191847156284095077.dir/0006_sopclgen/yysystem.v --quartus_dir="/OPT/altera/12.1/tools/quartus" --sopc_perl="/OPT/altera/12.1/tools/quartus/linux/perl" --sopc_lib_path="++/OPT/altera/12.1/tools/quartus/../ip/altera/sopc_builder_ip+/OPT/altera/12.1/tools/quartus/../ip/altera/nios2_ip"
Info: Finished elaborating classic module.
Executing: /OPT/altera/12.1/tools/quartus//sopc_builder/bin/sopc_builder --classic --generate /tmp/alt6818_8191847156284095077.dir/0006_sopclgen/yysystem.ptf
Info: Running sopc_builder...
"/OPT/altera/12.1/tools/quartus//linux/jre/bin/java" -Xmx512M -classpath "/OPT/altera/12.1/tools/quartus//sopc_builder/bin/sopc_builder.jar:/OPT/altera/12.1/tools/quartus//sopc_builder/bin/PinAssigner.jar:/OPT/altera/12.1/tools/quartus//sopc_builder/bin/sopc_wizard.jar:/OPT/altera/12.1/tools/quartus//sopc_builder/bin/jptf.jar" sopc_builder.sopc_builder  -d"/OPT/altera/12.1/tools/quartus//sopc_builder" -notalkback=1 -projectnameyysystem.qpf -projectpath/tmp/alt6818_8191847156284095077.dir/0006_sopclgen  --generate /tmp/alt6818_8191847156284095077.dir/0006_sopclgen/yysystem.v --quartus_dir="/OPT/altera/12.1/tools/quartus/" --sopc_perl="/OPT/altera/12.1/tools/quartus//linux/perl" --sopc_lib_path="++/OPT/altera/12.1/tools/quartus//../ip/altera/sopc_builder_ip+/OPT/altera/12.1/tools/quartus//../ip/altera/nios2_ip"
.
# 2016.01.18 15:20:32 (*) Success: sopc_builder finished.
Info: timer_0: "niosII_system" instantiated altera_avalon_timer "timer_0"
Info: Starting classic module elaboration.
"/OPT/altera/12.1/tools/quartus/linux/jre/bin/java" -Xmx512M -classpath "/OPT/altera/12.1/tools/quartus/sopc_builder/bin/sopc_builder.jar:/OPT/altera/12.1/tools/quartus/sopc_builder/bin/PinAssigner.jar:/OPT/altera/12.1/tools/quartus/sopc_builder/bin/sopc_wizard.jar:/OPT/altera/12.1/tools/quartus/sopc_builder/bin/jptf.jar" sopc_builder.sopc_builder  -d"/OPT/altera/12.1/tools/quartus/sopc_builder" -notalkback=1 -projectnameyysystem.qpf -projectpath/tmp/alt6818_8191847156284095077.dir/0007_sopclgen  --no_splash --refresh /tmp/alt6818_8191847156284095077.dir/0007_sopclgen/yysystem.v --quartus_dir="/OPT/altera/12.1/tools/quartus" --sopc_perl="/OPT/altera/12.1/tools/quartus/linux/perl" --sopc_lib_path="++/OPT/altera/12.1/tools/quartus/../ip/altera/sopc_builder_ip+/OPT/altera/12.1/tools/quartus/../ip/altera/nios2_ip"
Info: Finished elaborating classic module.
Executing: /OPT/altera/12.1/tools/quartus//sopc_builder/bin/sopc_builder --classic --generate /tmp/alt6818_8191847156284095077.dir/0007_sopclgen/yysystem.ptf
Info: Running sopc_builder...
"/OPT/altera/12.1/tools/quartus//linux/jre/bin/java" -Xmx512M -classpath "/OPT/altera/12.1/tools/quartus//sopc_builder/bin/sopc_builder.jar:/OPT/altera/12.1/tools/quartus//sopc_builder/bin/PinAssigner.jar:/OPT/altera/12.1/tools/quartus//sopc_builder/bin/sopc_wizard.jar:/OPT/altera/12.1/tools/quartus//sopc_builder/bin/jptf.jar" sopc_builder.sopc_builder  -d"/OPT/altera/12.1/tools/quartus//sopc_builder" -notalkback=1 -projectnameyysystem.qpf -projectpath/tmp/alt6818_8191847156284095077.dir/0007_sopclgen  --generate /tmp/alt6818_8191847156284095077.dir/0007_sopclgen/yysystem.v --quartus_dir="/OPT/altera/12.1/tools/quartus/" --sopc_perl="/OPT/altera/12.1/tools/quartus//linux/perl" --sopc_lib_path="++/OPT/altera/12.1/tools/quartus//../ip/altera/sopc_builder_ip+/OPT/altera/12.1/tools/quartus//../ip/altera/nios2_ip"
.
# 2016.01.18 15:20:36 (*) Success: sopc_builder finished.
Info: jtag_uart_0: "niosII_system" instantiated altera_avalon_jtag_uart "jtag_uart_0"
Info: character_lcd_0: Starting Generation of Character LCD
Info: character_lcd_0: "niosII_system" instantiated altera_up_avalon_character_lcd "character_lcd_0"
Info: Starting classic module elaboration.
"/OPT/altera/12.1/tools/quartus/linux/jre/bin/java" -Xmx512M -classpath "/OPT/altera/12.1/tools/quartus/sopc_builder/bin/sopc_builder.jar:/OPT/altera/12.1/tools/quartus/sopc_builder/bin/PinAssigner.jar:/OPT/altera/12.1/tools/quartus/sopc_builder/bin/sopc_wizard.jar:/OPT/altera/12.1/tools/quartus/sopc_builder/bin/jptf.jar" sopc_builder.sopc_builder  -d"/OPT/altera/12.1/tools/quartus/sopc_builder" -notalkback=1 -projectnameyysystem.qpf -projectpath/tmp/alt6818_8191847156284095077.dir/0009_sopclgen  --no_splash --refresh /tmp/alt6818_8191847156284095077.dir/0009_sopclgen/yysystem.v --quartus_dir="/OPT/altera/12.1/tools/quartus" --sopc_perl="/OPT/altera/12.1/tools/quartus/linux/perl" --sopc_lib_path="++/OPT/altera/12.1/tools/quartus/../ip/altera/sopc_builder_ip+/OPT/altera/12.1/tools/quartus/../ip/altera/nios2_ip"
Info: Finished elaborating classic module.
Executing: /OPT/altera/12.1/tools/quartus//sopc_builder/bin/sopc_builder --classic --generate /tmp/alt6818_8191847156284095077.dir/0009_sopclgen/yysystem.ptf
Info: Running sopc_builder...
"/OPT/altera/12.1/tools/quartus//linux/jre/bin/java" -Xmx512M -classpath "/OPT/altera/12.1/tools/quartus//sopc_builder/bin/sopc_builder.jar:/OPT/altera/12.1/tools/quartus//sopc_builder/bin/PinAssigner.jar:/OPT/altera/12.1/tools/quartus//sopc_builder/bin/sopc_wizard.jar:/OPT/altera/12.1/tools/quartus//sopc_builder/bin/jptf.jar" sopc_builder.sopc_builder  -d"/OPT/altera/12.1/tools/quartus//sopc_builder" -notalkback=1 -projectnameyysystem.qpf -projectpath/tmp/alt6818_8191847156284095077.dir/0009_sopclgen  --generate /tmp/alt6818_8191847156284095077.dir/0009_sopclgen/yysystem.v --quartus_dir="/OPT/altera/12.1/tools/quartus/" --sopc_perl="/OPT/altera/12.1/tools/quartus//linux/perl" --sopc_lib_path="++/OPT/altera/12.1/tools/quartus//../ip/altera/sopc_builder_ip+/OPT/altera/12.1/tools/quartus//../ip/altera/nios2_ip"
.
# 2016.01.18 15:20:39 (*) Success: sopc_builder finished.
Info: green_leds: "niosII_system" instantiated altera_avalon_pio "green_leds"
Info: altpll_0: "niosII_system" instantiated altpll "altpll_0"
Info: Starting classic module elaboration.
"/OPT/altera/12.1/tools/quartus/linux/jre/bin/java" -Xmx512M -classpath "/OPT/altera/12.1/tools/quartus/sopc_builder/bin/sopc_builder.jar:/OPT/altera/12.1/tools/quartus/sopc_builder/bin/PinAssigner.jar:/OPT/altera/12.1/tools/quartus/sopc_builder/bin/sopc_wizard.jar:/OPT/altera/12.1/tools/quartus/sopc_builder/bin/jptf.jar" sopc_builder.sopc_builder  -d"/OPT/altera/12.1/tools/quartus/sopc_builder" -notalkback=1 -projectnameyysystem.qpf -projectpath/tmp/alt6818_8191847156284095077.dir/0012_sopclgen  --no_splash --refresh /tmp/alt6818_8191847156284095077.dir/0012_sopclgen/yysystem.v --quartus_dir="/OPT/altera/12.1/tools/quartus" --sopc_perl="/OPT/altera/12.1/tools/quartus/linux/perl" --sopc_lib_path="++/OPT/altera/12.1/tools/quartus/../ip/altera/sopc_builder_ip+/OPT/altera/12.1/tools/quartus/../ip/altera/nios2_ip"
Info: Finished elaborating classic module.
Executing: /OPT/altera/12.1/tools/quartus//sopc_builder/bin/sopc_builder --classic --generate /tmp/alt6818_8191847156284095077.dir/0012_sopclgen/yysystem.ptf
Info: Running sopc_builder...
"/OPT/altera/12.1/tools/quartus//linux/jre/bin/java" -Xmx512M -classpath "/OPT/altera/12.1/tools/quartus//sopc_builder/bin/sopc_builder.jar:/OPT/altera/12.1/tools/quartus//sopc_builder/bin/PinAssigner.jar:/OPT/altera/12.1/tools/quartus//sopc_builder/bin/sopc_wizard.jar:/OPT/altera/12.1/tools/quartus//sopc_builder/bin/jptf.jar" sopc_builder.sopc_builder  -d"/OPT/altera/12.1/tools/quartus//sopc_builder" -notalkback=1 -projectnameyysystem.qpf -projectpath/tmp/alt6818_8191847156284095077.dir/0012_sopclgen  --generate /tmp/alt6818_8191847156284095077.dir/0012_sopclgen/yysystem.v --quartus_dir="/OPT/altera/12.1/tools/quartus/" --sopc_perl="/OPT/altera/12.1/tools/quartus//linux/perl" --sopc_lib_path="++/OPT/altera/12.1/tools/quartus//../ip/altera/sopc_builder_ip+/OPT/altera/12.1/tools/quartus//../ip/altera/nios2_ip"
.
.
# 2016.01.18 15:20:45 (*) Running Test Generator Program for niosII_system_sdram_0
# 2016.01.18 15:20:46 (*) Success: sopc_builder finished.
Info: sdram_0: "niosII_system" instantiated altera_avalon_new_sdram_controller "sdram_0"
Info: sram_0: Starting Generation of SRAM or SSRAM Controller
Info: sram_0: "niosII_system" instantiated altera_up_avalon_sram "sram_0"
Info: Starting classic module elaboration.
"/OPT/altera/12.1/tools/quartus/linux/jre/bin/java" -Xmx512M -classpath "/OPT/altera/12.1/tools/quartus/sopc_builder/bin/sopc_builder.jar:/OPT/altera/12.1/tools/quartus/sopc_builder/bin/PinAssigner.jar:/OPT/altera/12.1/tools/quartus/sopc_builder/bin/sopc_wizard.jar:/OPT/altera/12.1/tools/quartus/sopc_builder/bin/jptf.jar" sopc_builder.sopc_builder  -d"/OPT/altera/12.1/tools/quartus/sopc_builder" -notalkback=1 -projectnameyysystem.qpf -projectpath/tmp/alt6818_8191847156284095077.dir/0014_sopclgen  --no_splash --refresh /tmp/alt6818_8191847156284095077.dir/0014_sopclgen/yysystem.v --quartus_dir="/OPT/altera/12.1/tools/quartus" --sopc_perl="/OPT/altera/12.1/tools/quartus/linux/perl" --sopc_lib_path="++/OPT/altera/12.1/tools/quartus/../ip/altera/sopc_builder_ip+/OPT/altera/12.1/tools/quartus/../ip/altera/nios2_ip"
Info: Finished elaborating classic module.
Executing: /OPT/altera/12.1/tools/quartus//sopc_builder/bin/sopc_builder --classic --generate /tmp/alt6818_8191847156284095077.dir/0014_sopclgen/yysystem.ptf
Info: Running sopc_builder...
"/OPT/altera/12.1/tools/quartus//linux/jre/bin/java" -Xmx512M -classpath "/OPT/altera/12.1/tools/quartus//sopc_builder/bin/sopc_builder.jar:/OPT/altera/12.1/tools/quartus//sopc_builder/bin/PinAssigner.jar:/OPT/altera/12.1/tools/quartus//sopc_builder/bin/sopc_wizard.jar:/OPT/altera/12.1/tools/quartus//sopc_builder/bin/jptf.jar" sopc_builder.sopc_builder  -d"/OPT/altera/12.1/tools/quartus//sopc_builder" -notalkback=1 -projectnameyysystem.qpf -projectpath/tmp/alt6818_8191847156284095077.dir/0014_sopclgen  --generate /tmp/alt6818_8191847156284095077.dir/0014_sopclgen/yysystem.v --quartus_dir="/OPT/altera/12.1/tools/quartus/" --sopc_perl="/OPT/altera/12.1/tools/quartus//linux/perl" --sopc_lib_path="++/OPT/altera/12.1/tools/quartus//../ip/altera/sopc_builder_ip+/OPT/altera/12.1/tools/quartus//../ip/altera/nios2_ip"
.
# 2016.01.18 15:20:50 (*) Success: sopc_builder finished.
Info: gate_timer: "niosII_system" instantiated altera_avalon_timer "gate_timer"
Info: frequencyCounter_0: "niosII_system" instantiated frequencyCounter "frequencyCounter_0"
Info: nios2_qsys_0_instruction_master_translator: "niosII_system" instantiated altera_merlin_master_translator "nios2_qsys_0_instruction_master_translator"
Info: nios2_qsys_0_jtag_debug_module_translator: "niosII_system" instantiated altera_merlin_slave_translator "nios2_qsys_0_jtag_debug_module_translator"
Info: nios2_qsys_0_instruction_master_translator_avalon_universal_master_0_agent: "niosII_system" instantiated altera_merlin_master_agent "nios2_qsys_0_instruction_master_translator_avalon_universal_master_0_agent"
Info: nios2_qsys_0_jtag_debug_module_translator_avalon_universal_slave_0_agent: "niosII_system" instantiated altera_merlin_slave_agent "nios2_qsys_0_jtag_debug_module_translator_avalon_universal_slave_0_agent"
Info: nios2_qsys_0_jtag_debug_module_translator_avalon_universal_slave_0_agent_rsp_fifo: "niosII_system" instantiated altera_avalon_sc_fifo "nios2_qsys_0_jtag_debug_module_translator_avalon_universal_slave_0_agent_rsp_fifo"
Info: addr_router: "niosII_system" instantiated altera_merlin_router "addr_router"
Info: addr_router_001: "niosII_system" instantiated altera_merlin_router "addr_router_001"
Info: id_router: "niosII_system" instantiated altera_merlin_router "id_router"
Info: id_router_002: "niosII_system" instantiated altera_merlin_router "id_router_002"
Info: id_router_004: "niosII_system" instantiated altera_merlin_router "id_router_004"
Info: id_router_007: "niosII_system" instantiated altera_merlin_router "id_router_007"
Info: burst_adapter: "niosII_system" instantiated altera_merlin_burst_adapter "burst_adapter"
Info: rst_controller: "niosII_system" instantiated altera_reset_controller "rst_controller"
Info: cmd_xbar_demux: "niosII_system" instantiated altera_merlin_demultiplexer "cmd_xbar_demux"
Info: cmd_xbar_demux_001: "niosII_system" instantiated altera_merlin_demultiplexer "cmd_xbar_demux_001"
Info: cmd_xbar_mux: "niosII_system" instantiated altera_merlin_multiplexer "cmd_xbar_mux"
Info: rsp_xbar_demux: "niosII_system" instantiated altera_merlin_demultiplexer "rsp_xbar_demux"
Info: rsp_xbar_demux_004: "niosII_system" instantiated altera_merlin_demultiplexer "rsp_xbar_demux_004"
Info: rsp_xbar_mux: "niosII_system" instantiated altera_merlin_multiplexer "rsp_xbar_mux"
Info: Reusing file /afs/ualberta.ca/home/j/p/jpeard/ECE492_Projects/niosII_microc_lab2/scripts/niosII_system/synthesis/submodules/altera_merlin_arbitrator.sv
Info: rsp_xbar_mux_001: "niosII_system" instantiated altera_merlin_multiplexer "rsp_xbar_mux_001"
Info: Reusing file /afs/ualberta.ca/home/j/p/jpeard/ECE492_Projects/niosII_microc_lab2/scripts/niosII_system/synthesis/submodules/altera_merlin_arbitrator.sv
Info: width_adapter: "niosII_system" instantiated altera_merlin_width_adapter "width_adapter"
Info: Reusing file /afs/ualberta.ca/home/j/p/jpeard/ECE492_Projects/niosII_microc_lab2/scripts/niosII_system/synthesis/submodules/altera_merlin_burst_uncompressor.sv
Info: Reusing file /afs/ualberta.ca/home/j/p/jpeard/ECE492_Projects/niosII_microc_lab2/scripts/niosII_system/synthesis/submodules/altera_merlin_address_alignment.sv
Info: crosser: "niosII_system" instantiated altera_avalon_st_handshake_clock_crosser "crosser"
Info: irq_mapper: "niosII_system" instantiated altera_irq_mapper "irq_mapper"
Info: niosII_system: Done niosII_system" with 36 modules, 154 files, 3019818 bytes
Info: ip-generate succeeded.
Info: Finished: Create HDL design files for synthesis
