
**** Build of configuration Nios II for project lab2 ****

make all 
Info: Building ../lab2_bsp/
make --no-print-directory -C ../lab2_bsp/
[BSP build complete]
Info: Compiling hello_ucosii.c to obj/default/hello_ucosii.o
nios2-elf-gcc -xc -MP -MMD -c -I../lab2_bsp//UCOSII/inc -I../lab2_bsp//HAL/inc -I../lab2_bsp/ -I../lab2_bsp//drivers/inc  -DSYSTEM_BUS_WIDTH=32 -pipe -D__hal__ -DALT_NO_INSTRUCTION_EMULATION -D__ucosii__    -O0 -g -Wall   -EL -mno-hw-div -mno-hw-mul -mno-hw-mulx  -o obj/default/hello_ucosii.o hello_ucosii.c
hello_ucosii.c:58:1: warning: "/*" within comment
Info: Linking lab2.elf
hello_ucosii.c:92:3: warning: "/*" within comment
nios2-elf-g++  -T'../lab2_bsp//linker.x' -msys-crt0='../lab2_bsp//obj/HAL/src/crt0.o' -msys-lib=ucosii_bsp -L../lab2_bsp/   -Wl,-Map=lab2.map   -O0 -g -Wall   -EL -mno-hw-div -mno-hw-mul -mno-hw-mulx  -o lab2.elf obj/default/hello_ucosii.o -lm 
hello_ucosii.c: In function 'main':
hello_ucosii.c:104: warning: comparison between pointer and integer
hello_ucosii.c:108: warning: assignment makes integer from pointer without a cast
nios2-elf-insert lab2.elf --thread_model ucosii --cpu_name nios2_qsys_0 --qsys true --simulation_enabled false --id 0 --sidp 0x1109068 --timestamp 1453505843 --stderr_dev jtag_uart_0 --stdin_dev jtag_uart_0 --stdout_dev jtag_uart_0 --sopc_system_name niosII_system --quartus_project_dir "/afs/ualberta.ca/home/s/c/schuman/ece492/niosII_microc_lab2" --jdi /afs/ualberta.ca/home/s/c/schuman/ece492/niosII_microc_lab2/software/lab2_bsp/../../niosII_microc_lab2.jdi --sopcinfo /afs/ualberta.ca/home/s/c/schuman/ece492/niosII_microc_lab2/software/lab2_bsp/../../niosII_system.sopcinfo
Info: (lab2.elf) 123 KBytes program size (code + initialized data).
Info:            8061 KBytes free for stack + heap.
Info: Creating lab2.objdump
nios2-elf-objdump --disassemble --syms --all-header --source lab2.elf >lab2.objdump
[lab2 build complete]

**** Build Finished ****
