
**** Build of configuration Nios II for project lab2 ****

make all 
Info: Building ../lab2_bsp/
make --no-print-directory -C ../lab2_bsp/
[BSP build complete]
Info: Compiling hello_ucosii.c to obj/default/hello_ucosii.o
nios2-elf-gcc -xc -MP -MMD -c -I../lab2_bsp//UCOSII/inc -I../lab2_bsp//HAL/inc -I../lab2_bsp/ -I../lab2_bsp//drivers/inc -I../lab2_bsp/drivers/inc  -DSYSTEM_BUS_WIDTH=32 -pipe -D__hal__ -DALT_NO_INSTRUCTION_EMULATION -D__ucosii__    -O0 -g -Wall   -EL -mno-hw-div -mno-hw-mul -mno-hw-mulx  -o obj/default/hello_ucosii.o hello_ucosii.c
hello_ucosii.c:101:2: warning: "/*" within comment
Info: Linking lab2.elf
hello_ucosii.c: In function 'audioTask':
nios2-elf-g++  -T'../lab2_bsp//linker.x' -msys-crt0='../lab2_bsp//obj/HAL/src/crt0.o' -msys-lib=ucosii_bsp -L../lab2_bsp/   -Wl,-Map=lab2.map   -O0 -g -Wall   -EL -mno-hw-div -mno-hw-mul -mno-hw-mulx  -o lab2.elf obj/default/hello_ucosii.o -lm 
hello_ucosii.c:37: warning: unused variable 'err'
hello_ucosii.c: In function 'playMusicTask':
hello_ucosii.c:153: warning: unused variable 'command_register'
hello_ucosii.c:152: warning: unused variable 'command_argument_register'
hello_ucosii.c: In function 'uiTask':
hello_ucosii.c:176: warning: implicit declaration of function 'alt_printf'
hello_ucosii.c: At top level:
hello_ucosii.c:248: warning: 'laserChangeHandler' defined but not used
hello_ucosii.c:253: warning: 'button1Handler' defined but not used
hello_ucosii.c:261: warning: 'button2Handler' defined but not used
obj/default/hello_ucosii.o: In function `audioTask':
/afs/ualberta.ca/home/s/c/schuman/ece492/niosII_microc_lab2/software/lab2/hello_ucosii.c:44: undefined reference to `alt_up_av_config_open_dev'
/afs/ualberta.ca/home/s/c/schuman/ece492/niosII_microc_lab2/software/lab2/hello_ucosii.c:51: undefined reference to `alt_up_audio_open_dev'
/afs/ualberta.ca/home/s/c/schuman/ece492/niosII_microc_lab2/software/lab2/hello_ucosii.c:59: undefined reference to `alt_up_av_config_reset'
/afs/ualberta.ca/home/s/c/schuman/ece492/niosII_microc_lab2/software/lab2/hello_ucosii.c:60: undefined reference to `alt_up_audio_reset_audio_core'
/afs/ualberta.ca/home/s/c/schuman/ece492/niosII_microc_lab2/software/lab2/hello_ucosii.c:68: undefined reference to `alt_up_av_config_write_audio_cfg_register'
/afs/ualberta.ca/home/s/c/schuman/ece492/niosII_microc_lab2/software/lab2/hello_ucosii.c:69: undefined reference to `alt_up_av_config_write_audio_cfg_register'
/afs/ualberta.ca/home/s/c/schuman/ece492/niosII_microc_lab2/software/lab2/hello_ucosii.c:70: undefined reference to `alt_up_av_config_write_audio_cfg_register'
/afs/ualberta.ca/home/s/c/schuman/ece492/niosII_microc_lab2/software/lab2/hello_ucosii.c:71: undefined reference to `alt_up_av_config_write_audio_cfg_register'
/afs/ualberta.ca/home/s/c/schuman/ece492/niosII_microc_lab2/software/lab2/hello_ucosii.c:72: undefined reference to `alt_up_av_config_write_audio_cfg_register'
obj/default/hello_ucosii.o:/afs/ualberta.ca/home/s/c/schuman/ece492/niosII_microc_lab2/software/lab2/hello_ucosii.c:73: more undefined references to `alt_up_av_config_write_audio_cfg_register' follow
obj/default/hello_ucosii.o: In function `audioTask':
/afs/ualberta.ca/home/s/c/schuman/ece492/niosII_microc_lab2/software/lab2/hello_ucosii.c:84: undefined reference to `alt_up_audio_write_fifo'
/afs/ualberta.ca/home/s/c/schuman/ece492/niosII_microc_lab2/software/lab2/hello_ucosii.c:85: undefined reference to `alt_up_audio_write_fifo'
collect2: ld returned 1 exit status
make: *** [lab2.elf] Error 1

**** Build Finished ****
