Info: Starting: Create block symbol file (.bsf)
Info: ip-generate --project-directory=/afs/ualberta.ca/home/s/c/schuman/ece492/EvolutionOfMusic/src/ --output-directory=/afs/ualberta.ca/home/s/c/schuman/ece492/EvolutionOfMusic/src/Evo_Synth/ --report-file=bsf:/afs/ualberta.ca/home/s/c/schuman/ece492/EvolutionOfMusic/src/Evo_Synth.bsf --system-info=DEVICE_FAMILY="Cyclone II" --system-info=DEVICE=EP2C35F672C6 --system-info=DEVICE_SPEEDGRADE=6 --component-file=/afs/ualberta.ca/home/s/c/schuman/ece492/EvolutionOfMusic/src/Evo_Synth.qsys
Progress: Loading src/Evo_Synth.qsys
Progress: Reading input file
Progress: Adding clk_0 [clock_source 12.1]
Progress: Parameterizing module clk_0
Progress: Adding onchip_memory2_0 [altera_avalon_onchip_memory2 12.1]
Progress: Parameterizing module onchip_memory2_0
Progress: Adding triple_speed_ethernet_0 [triple_speed_ethernet 12.1]
Progress: Parameterizing module triple_speed_ethernet_0
Progress: Adding sysid_qsys_0 [altera_avalon_sysid_qsys 12.1]
Progress: Parameterizing module sysid_qsys_0
Progress: Adding timer_0 [altera_avalon_timer 12.1]
Progress: Parameterizing module timer_0
Progress: Adding jtag_uart_0 [altera_avalon_jtag_uart 12.1]
Progress: Parameterizing module jtag_uart_0
Progress: Adding character_lcd_0 [altera_up_avalon_character_lcd 12.0]
Progress: Parameterizing module character_lcd_0
Progress: Adding pio_0 [altera_avalon_pio 12.1]
Progress: Parameterizing module pio_0
Progress: Adding pio_1 [altera_avalon_pio 12.1]
Progress: Parameterizing module pio_1
Progress: Adding altpll_0 [altpll 12.1]
Progress: Parameterizing module altpll_0
Progress: Adding sdram_0 [altera_avalon_new_sdram_controller 12.1]
Progress: Parameterizing module sdram_0
Progress: Adding sram_0 [altera_up_avalon_sram 12.0]
Progress: Parameterizing module sram_0
Progress: Adding nios2_qsys_0 [altera_nios2_qsys 12.1]
Progress: Parameterizing module nios2_qsys_0
Progress: Adding tristate_conduit_bridge_0 [altera_tristate_conduit_bridge 12.1]
Progress: Parameterizing module tristate_conduit_bridge_0
Progress: Adding tristate_conduit_pin_sharer_0 [altera_tristate_conduit_pin_sharer 12.1]
Progress: Parameterizing module tristate_conduit_pin_sharer_0
Progress: Adding generic_tristate_controller_0 [altera_generic_tristate_controller 12.1]
Progress: Parameterizing module generic_tristate_controller_0
Progress: Adding synthesizer_0 [synthesizer 1.0]
Progress: Parameterizing module synthesizer_0
Progress: Building connections
Progress: Parameterizing connections
Progress: Validating
Progress: Done reading input file
Warning: Evo_Synth.Evo_Synth: Module dependency loop involving: "altpll_0" (altpll 12.1), "clk_0" (clock_source 12.1)
Info: Evo_Synth.onchip_memory2_0: Memory will be initialized from onchip_memory2_0.hex
Info: Evo_Synth.triple_speed_ethernet_0: Please apply the Quartus II and TimeQuest SDC constraints as mentioned in user guide
Info: Evo_Synth.sysid_qsys_0: System ID is not assigned automatically. Edit the System ID parameter to provide a unique ID
Info: Evo_Synth.sysid_qsys_0: Time stamp will be automatically updated when this component is generated.
Warning: Evo_Synth.generic_tristate_controller_0: Properties (isFlash,isMemoryDevice,isNonVolatileStorage) have been set on interface uas - in composed mode these are ignored
Warning: Evo_Synth.triple_speed_ethernet_0: triple_speed_ethernet_0.conduit_connection must be exported, or connected to a matching conduit.
Warning: Evo_Synth.character_lcd_0: character_lcd_0.external_interface must be exported, or connected to a matching conduit.
Warning: Evo_Synth.pio_0: pio_0.external_connection must be exported, or connected to a matching conduit.
Warning: Evo_Synth.pio_1: pio_1.external_connection must be exported, or connected to a matching conduit.
Warning: Evo_Synth.altpll_0: altpll_0.areset_conduit must be exported, or connected to a matching conduit.
Warning: Evo_Synth.altpll_0: altpll_0.locked_conduit must be exported, or connected to a matching conduit.
Warning: Evo_Synth.altpll_0: altpll_0.phasedone_conduit must be exported, or connected to a matching conduit.
Warning: Evo_Synth.sdram_0: sdram_0.wire must be exported, or connected to a matching conduit.
Warning: Evo_Synth.sram_0: sram_0.external_interface must be exported, or connected to a matching conduit.
Info: ip-generate succeeded.
Info: Finished: Create block symbol file (.bsf)
Info: 
Info: Starting: Create HDL design files for synthesis
Info: ip-generate --project-directory=/afs/ualberta.ca/home/s/c/schuman/ece492/EvolutionOfMusic/src/ --output-directory=/afs/ualberta.ca/home/s/c/schuman/ece492/EvolutionOfMusic/src/Evo_Synth/synthesis/ --file-set=QUARTUS_SYNTH --report-file=sopcinfo:/afs/ualberta.ca/home/s/c/schuman/ece492/EvolutionOfMusic/src/Evo_Synth.sopcinfo --report-file=html:/afs/ualberta.ca/home/s/c/schuman/ece492/EvolutionOfMusic/src/Evo_Synth.html --report-file=qip:/afs/ualberta.ca/home/s/c/schuman/ece492/EvolutionOfMusic/src/Evo_Synth/synthesis/Evo_Synth.qip --report-file=cmp:/afs/ualberta.ca/home/s/c/schuman/ece492/EvolutionOfMusic/src/Evo_Synth.cmp --system-info=DEVICE_FAMILY="Cyclone II" --system-info=DEVICE=EP2C35F672C6 --system-info=DEVICE_SPEEDGRADE=6 --component-file=/afs/ualberta.ca/home/s/c/schuman/ece492/EvolutionOfMusic/src/Evo_Synth.qsys
Progress: Loading src/Evo_Synth.qsys
Progress: Reading input file
Progress: Adding clk_0 [clock_source 12.1]
Progress: Parameterizing module clk_0
Progress: Adding onchip_memory2_0 [altera_avalon_onchip_memory2 12.1]
Progress: Parameterizing module onchip_memory2_0
Progress: Adding triple_speed_ethernet_0 [triple_speed_ethernet 12.1]
Progress: Parameterizing module triple_speed_ethernet_0
Progress: Adding sysid_qsys_0 [altera_avalon_sysid_qsys 12.1]
Progress: Parameterizing module sysid_qsys_0
Progress: Adding timer_0 [altera_avalon_timer 12.1]
Progress: Parameterizing module timer_0
Progress: Adding jtag_uart_0 [altera_avalon_jtag_uart 12.1]
Progress: Parameterizing module jtag_uart_0
Progress: Adding character_lcd_0 [altera_up_avalon_character_lcd 12.0]
Progress: Parameterizing module character_lcd_0
Progress: Adding pio_0 [altera_avalon_pio 12.1]
Progress: Parameterizing module pio_0
Progress: Adding pio_1 [altera_avalon_pio 12.1]
Progress: Parameterizing module pio_1
Progress: Adding altpll_0 [altpll 12.1]
Progress: Parameterizing module altpll_0
Progress: Adding sdram_0 [altera_avalon_new_sdram_controller 12.1]
Progress: Parameterizing module sdram_0
Progress: Adding sram_0 [altera_up_avalon_sram 12.0]
Progress: Parameterizing module sram_0
Progress: Adding nios2_qsys_0 [altera_nios2_qsys 12.1]
Progress: Parameterizing module nios2_qsys_0
Progress: Adding tristate_conduit_bridge_0 [altera_tristate_conduit_bridge 12.1]
Progress: Parameterizing module tristate_conduit_bridge_0
Progress: Adding tristate_conduit_pin_sharer_0 [altera_tristate_conduit_pin_sharer 12.1]
Progress: Parameterizing module tristate_conduit_pin_sharer_0
Progress: Adding generic_tristate_controller_0 [altera_generic_tristate_controller 12.1]
Progress: Parameterizing module generic_tristate_controller_0
Progress: Adding synthesizer_0 [synthesizer 1.0]
Progress: Parameterizing module synthesizer_0
Progress: Building connections
Progress: Parameterizing connections
Progress: Validating
Progress: Done reading input file
Warning: Evo_Synth.Evo_Synth: Module dependency loop involving: "altpll_0" (altpll 12.1), "clk_0" (clock_source 12.1)
Info: Evo_Synth.onchip_memory2_0: Memory will be initialized from onchip_memory2_0.hex
Info: Evo_Synth.triple_speed_ethernet_0: Please apply the Quartus II and TimeQuest SDC constraints as mentioned in user guide
Info: Evo_Synth.sysid_qsys_0: System ID is not assigned automatically. Edit the System ID parameter to provide a unique ID
Info: Evo_Synth.sysid_qsys_0: Time stamp will be automatically updated when this component is generated.
Warning: Evo_Synth.generic_tristate_controller_0: Properties (isFlash,isMemoryDevice,isNonVolatileStorage) have been set on interface uas - in composed mode these are ignored
Warning: Evo_Synth.triple_speed_ethernet_0: triple_speed_ethernet_0.conduit_connection must be exported, or connected to a matching conduit.
Warning: Evo_Synth.character_lcd_0: character_lcd_0.external_interface must be exported, or connected to a matching conduit.
Warning: Evo_Synth.pio_0: pio_0.external_connection must be exported, or connected to a matching conduit.
Warning: Evo_Synth.pio_1: pio_1.external_connection must be exported, or connected to a matching conduit.
Warning: Evo_Synth.altpll_0: altpll_0.areset_conduit must be exported, or connected to a matching conduit.
Warning: Evo_Synth.altpll_0: altpll_0.locked_conduit must be exported, or connected to a matching conduit.
Warning: Evo_Synth.altpll_0: altpll_0.phasedone_conduit must be exported, or connected to a matching conduit.
Warning: Evo_Synth.sdram_0: sdram_0.wire must be exported, or connected to a matching conduit.
Warning: Evo_Synth.sram_0: sram_0.external_interface must be exported, or connected to a matching conduit.
Info: Evo_Synth: Generating Evo_Synth "Evo_Synth" for QUARTUS_SYNTH
Info: pipeline_bridge_swap_transform: After transform: 17 modules, 66 connections
Info: No custom instruction connections, skipping transform 
Info: merlin_translator_transform: After transform: 33 modules, 115 connections
Info: merlin_domain_transform: After transform: 65 modules, 279 connections
Info: merlin_router_transform: After transform: 81 modules, 328 connections
Info: merlin_burst_transform: After transform: 85 modules, 340 connections
Info: reset_adaptation_transform: After transform: 86 modules, 336 connections
Info: merlin_network_to_switch_transform: After transform: 117 modules, 418 connections
Info: merlin_width_transform: After transform: 125 modules, 442 connections
Info: Inserting clock-crossing logic between cmd_xbar_demux.src3 and cmd_xbar_mux_003.sink0
Info: Inserting clock-crossing logic between cmd_xbar_demux_001.src3 and cmd_xbar_mux_003.sink1
Info: Inserting clock-crossing logic between rsp_xbar_demux_003.src0 and rsp_xbar_mux.sink3
Info: Inserting clock-crossing logic between rsp_xbar_demux_003.src1 and rsp_xbar_mux_001.sink3
Info: com_altera_sopcmodel_transforms_avalon_ClockCrossingTransform: After transform: 129 modules, 462 connections
Info: merlin_interrupt_mapper_transform: After transform: 130 modules, 465 connections
Info: Starting classic module elaboration.
"/OPT/altera/12.1/tools/quartus/linux/jre/bin/java" -Xmx512M -classpath "/OPT/altera/12.1/tools/quartus/sopc_builder/bin/sopc_builder.jar:/OPT/altera/12.1/tools/quartus/sopc_builder/bin/PinAssigner.jar:/OPT/altera/12.1/tools/quartus/sopc_builder/bin/sopc_wizard.jar:/OPT/altera/12.1/tools/quartus/sopc_builder/bin/jptf.jar" sopc_builder.sopc_builder  -d"/OPT/altera/12.1/tools/quartus/sopc_builder" -notalkback=1 -projectnameyysystem.qpf -projectpath/tmp/alt6855_530048590021771224.dir/0006_sopclgen  --no_splash --refresh /tmp/alt6855_530048590021771224.dir/0006_sopclgen/yysystem.v --quartus_dir="/OPT/altera/12.1/tools/quartus" --sopc_perl="/OPT/altera/12.1/tools/quartus/linux/perl" --sopc_lib_path="++/OPT/altera/12.1/tools/quartus/../ip/altera/sopc_builder_ip+/OPT/altera/12.1/tools/quartus/../ip/altera/nios2_ip"
Info: Finished elaborating classic module.
Executing: /OPT/altera/12.1/tools/quartus//sopc_builder/bin/sopc_builder --classic --generate /tmp/alt6855_530048590021771224.dir/0006_sopclgen/yysystem.ptf
Info: Running sopc_builder...
"/OPT/altera/12.1/tools/quartus//linux/jre/bin/java" -Xmx512M -classpath "/OPT/altera/12.1/tools/quartus//sopc_builder/bin/sopc_builder.jar:/OPT/altera/12.1/tools/quartus//sopc_builder/bin/PinAssigner.jar:/OPT/altera/12.1/tools/quartus//sopc_builder/bin/sopc_wizard.jar:/OPT/altera/12.1/tools/quartus//sopc_builder/bin/jptf.jar" sopc_builder.sopc_builder  -d"/OPT/altera/12.1/tools/quartus//sopc_builder" -notalkback=1 -projectnameyysystem.qpf -projectpath/tmp/alt6855_530048590021771224.dir/0006_sopclgen  --generate /tmp/alt6855_530048590021771224.dir/0006_sopclgen/yysystem.v --quartus_dir="/OPT/altera/12.1/tools/quartus/" --sopc_perl="/OPT/altera/12.1/tools/quartus//linux/perl" --sopc_lib_path="++/OPT/altera/12.1/tools/quartus//../ip/altera/sopc_builder_ip+/OPT/altera/12.1/tools/quartus//../ip/altera/nios2_ip"
.
# 2016.02.24 15:28:48 (*) Success: sopc_builder finished.
Info: onchip_memory2_0: "Evo_Synth" instantiated altera_avalon_onchip_memory2 "onchip_memory2_0"
Info: triple_speed_ethernet_0: Preparing to generate...
Info: triple_speed_ethernet_0: Variation name : Evo_Synth_triple_speed_ethernet_0
Info: triple_speed_ethernet_0: Variation language : Verilog HDL
Info: triple_speed_ethernet_0: Output directory : /tmp/alt6855_530048590021771224.dir/0007_iptb_gen
Info: triple_speed_ethernet_0: Generating HDL... 
Info: triple_speed_ethernet_0: Updating user's project directory...
Info: triple_speed_ethernet_0: HDL generated
Info: triple_speed_ethernet_0: Generation successful.
Info: triple_speed_ethernet_0: "Evo_Synth" instantiated triple_speed_ethernet "triple_speed_ethernet_0"
Info: sysid_qsys_0: "Evo_Synth" instantiated altera_avalon_sysid_qsys "sysid_qsys_0"
Info: Starting classic module elaboration.
"/OPT/altera/12.1/tools/quartus/linux/jre/bin/java" -Xmx512M -classpath "/OPT/altera/12.1/tools/quartus/sopc_builder/bin/sopc_builder.jar:/OPT/altera/12.1/tools/quartus/sopc_builder/bin/PinAssigner.jar:/OPT/altera/12.1/tools/quartus/sopc_builder/bin/sopc_wizard.jar:/OPT/altera/12.1/tools/quartus/sopc_builder/bin/jptf.jar" sopc_builder.sopc_builder  -d"/OPT/altera/12.1/tools/quartus/sopc_builder" -notalkback=1 -projectnameyysystem.qpf -projectpath/tmp/alt6855_530048590021771224.dir/0009_sopclgen  --no_splash --refresh /tmp/alt6855_530048590021771224.dir/0009_sopclgen/yysystem.v --quartus_dir="/OPT/altera/12.1/tools/quartus" --sopc_perl="/OPT/altera/12.1/tools/quartus/linux/perl" --sopc_lib_path="++/OPT/altera/12.1/tools/quartus/../ip/altera/sopc_builder_ip+/OPT/altera/12.1/tools/quartus/../ip/altera/nios2_ip"
Info: Finished elaborating classic module.
Executing: /OPT/altera/12.1/tools/quartus//sopc_builder/bin/sopc_builder --classic --generate /tmp/alt6855_530048590021771224.dir/0009_sopclgen/yysystem.ptf
Info: Running sopc_builder...
"/OPT/altera/12.1/tools/quartus//linux/jre/bin/java" -Xmx512M -classpath "/OPT/altera/12.1/tools/quartus//sopc_builder/bin/sopc_builder.jar:/OPT/altera/12.1/tools/quartus//sopc_builder/bin/PinAssigner.jar:/OPT/altera/12.1/tools/quartus//sopc_builder/bin/sopc_wizard.jar:/OPT/altera/12.1/tools/quartus//sopc_builder/bin/jptf.jar" sopc_builder.sopc_builder  -d"/OPT/altera/12.1/tools/quartus//sopc_builder" -notalkback=1 -projectnameyysystem.qpf -projectpath/tmp/alt6855_530048590021771224.dir/0009_sopclgen  --generate /tmp/alt6855_530048590021771224.dir/0009_sopclgen/yysystem.v --quartus_dir="/OPT/altera/12.1/tools/quartus/" --sopc_perl="/OPT/altera/12.1/tools/quartus//linux/perl" --sopc_lib_path="++/OPT/altera/12.1/tools/quartus//../ip/altera/sopc_builder_ip+/OPT/altera/12.1/tools/quartus//../ip/altera/nios2_ip"
.
# 2016.02.24 15:28:55 (*) Success: sopc_builder finished.
Info: timer_0: "Evo_Synth" instantiated altera_avalon_timer "timer_0"
Info: Starting classic module elaboration.
"/OPT/altera/12.1/tools/quartus/linux/jre/bin/java" -Xmx512M -classpath "/OPT/altera/12.1/tools/quartus/sopc_builder/bin/sopc_builder.jar:/OPT/altera/12.1/tools/quartus/sopc_builder/bin/PinAssigner.jar:/OPT/altera/12.1/tools/quartus/sopc_builder/bin/sopc_wizard.jar:/OPT/altera/12.1/tools/quartus/sopc_builder/bin/jptf.jar" sopc_builder.sopc_builder  -d"/OPT/altera/12.1/tools/quartus/sopc_builder" -notalkback=1 -projectnameyysystem.qpf -projectpath/tmp/alt6855_530048590021771224.dir/0010_sopclgen  --no_splash --refresh /tmp/alt6855_530048590021771224.dir/0010_sopclgen/yysystem.v --quartus_dir="/OPT/altera/12.1/tools/quartus" --sopc_perl="/OPT/altera/12.1/tools/quartus/linux/perl" --sopc_lib_path="++/OPT/altera/12.1/tools/quartus/../ip/altera/sopc_builder_ip+/OPT/altera/12.1/tools/quartus/../ip/altera/nios2_ip"
Info: Finished elaborating classic module.
Executing: /OPT/altera/12.1/tools/quartus//sopc_builder/bin/sopc_builder --classic --generate /tmp/alt6855_530048590021771224.dir/0010_sopclgen/yysystem.ptf
Info: Running sopc_builder...
"/OPT/altera/12.1/tools/quartus//linux/jre/bin/java" -Xmx512M -classpath "/OPT/altera/12.1/tools/quartus//sopc_builder/bin/sopc_builder.jar:/OPT/altera/12.1/tools/quartus//sopc_builder/bin/PinAssigner.jar:/OPT/altera/12.1/tools/quartus//sopc_builder/bin/sopc_wizard.jar:/OPT/altera/12.1/tools/quartus//sopc_builder/bin/jptf.jar" sopc_builder.sopc_builder  -d"/OPT/altera/12.1/tools/quartus//sopc_builder" -notalkback=1 -projectnameyysystem.qpf -projectpath/tmp/alt6855_530048590021771224.dir/0010_sopclgen  --generate /tmp/alt6855_530048590021771224.dir/0010_sopclgen/yysystem.v --quartus_dir="/OPT/altera/12.1/tools/quartus/" --sopc_perl="/OPT/altera/12.1/tools/quartus//linux/perl" --sopc_lib_path="++/OPT/altera/12.1/tools/quartus//../ip/altera/sopc_builder_ip+/OPT/altera/12.1/tools/quartus//../ip/altera/nios2_ip"
.
# 2016.02.24 15:28:59 (*) Success: sopc_builder finished.
Info: jtag_uart_0: "Evo_Synth" instantiated altera_avalon_jtag_uart "jtag_uart_0"
Info: character_lcd_0: Starting Generation of Character LCD
Info: character_lcd_0: "Evo_Synth" instantiated altera_up_avalon_character_lcd "character_lcd_0"
Info: Starting classic module elaboration.
"/OPT/altera/12.1/tools/quartus/linux/jre/bin/java" -Xmx512M -classpath "/OPT/altera/12.1/tools/quartus/sopc_builder/bin/sopc_builder.jar:/OPT/altera/12.1/tools/quartus/sopc_builder/bin/PinAssigner.jar:/OPT/altera/12.1/tools/quartus/sopc_builder/bin/sopc_wizard.jar:/OPT/altera/12.1/tools/quartus/sopc_builder/bin/jptf.jar" sopc_builder.sopc_builder  -d"/OPT/altera/12.1/tools/quartus/sopc_builder" -notalkback=1 -projectnameyysystem.qpf -projectpath/tmp/alt6855_530048590021771224.dir/0012_sopclgen  --no_splash --refresh /tmp/alt6855_530048590021771224.dir/0012_sopclgen/yysystem.v --quartus_dir="/OPT/altera/12.1/tools/quartus" --sopc_perl="/OPT/altera/12.1/tools/quartus/linux/perl" --sopc_lib_path="++/OPT/altera/12.1/tools/quartus/../ip/altera/sopc_builder_ip+/OPT/altera/12.1/tools/quartus/../ip/altera/nios2_ip"
Info: Finished elaborating classic module.
Executing: /OPT/altera/12.1/tools/quartus//sopc_builder/bin/sopc_builder --classic --generate /tmp/alt6855_530048590021771224.dir/0012_sopclgen/yysystem.ptf
Info: Running sopc_builder...
"/OPT/altera/12.1/tools/quartus//linux/jre/bin/java" -Xmx512M -classpath "/OPT/altera/12.1/tools/quartus//sopc_builder/bin/sopc_builder.jar:/OPT/altera/12.1/tools/quartus//sopc_builder/bin/PinAssigner.jar:/OPT/altera/12.1/tools/quartus//sopc_builder/bin/sopc_wizard.jar:/OPT/altera/12.1/tools/quartus//sopc_builder/bin/jptf.jar" sopc_builder.sopc_builder  -d"/OPT/altera/12.1/tools/quartus//sopc_builder" -notalkback=1 -projectnameyysystem.qpf -projectpath/tmp/alt6855_530048590021771224.dir/0012_sopclgen  --generate /tmp/alt6855_530048590021771224.dir/0012_sopclgen/yysystem.v --quartus_dir="/OPT/altera/12.1/tools/quartus/" --sopc_perl="/OPT/altera/12.1/tools/quartus//linux/perl" --sopc_lib_path="++/OPT/altera/12.1/tools/quartus//../ip/altera/sopc_builder_ip+/OPT/altera/12.1/tools/quartus//../ip/altera/nios2_ip"
.
# 2016.02.24 15:29:02 (*) Success: sopc_builder finished.
Info: pio_0: "Evo_Synth" instantiated altera_avalon_pio "pio_0"
Info: altpll_0: "Evo_Synth" instantiated altpll "altpll_0"
Info: Starting classic module elaboration.
"/OPT/altera/12.1/tools/quartus/linux/jre/bin/java" -Xmx512M -classpath "/OPT/altera/12.1/tools/quartus/sopc_builder/bin/sopc_builder.jar:/OPT/altera/12.1/tools/quartus/sopc_builder/bin/PinAssigner.jar:/OPT/altera/12.1/tools/quartus/sopc_builder/bin/sopc_wizard.jar:/OPT/altera/12.1/tools/quartus/sopc_builder/bin/jptf.jar" sopc_builder.sopc_builder  -d"/OPT/altera/12.1/tools/quartus/sopc_builder" -notalkback=1 -projectnameyysystem.qpf -projectpath/tmp/alt6855_530048590021771224.dir/0015_sopclgen  --no_splash --refresh /tmp/alt6855_530048590021771224.dir/0015_sopclgen/yysystem.v --quartus_dir="/OPT/altera/12.1/tools/quartus" --sopc_perl="/OPT/altera/12.1/tools/quartus/linux/perl" --sopc_lib_path="++/OPT/altera/12.1/tools/quartus/../ip/altera/sopc_builder_ip+/OPT/altera/12.1/tools/quartus/../ip/altera/nios2_ip"
Info: Finished elaborating classic module.
Executing: /OPT/altera/12.1/tools/quartus//sopc_builder/bin/sopc_builder --classic --generate /tmp/alt6855_530048590021771224.dir/0015_sopclgen/yysystem.ptf
Info: Running sopc_builder...
"/OPT/altera/12.1/tools/quartus//linux/jre/bin/java" -Xmx512M -classpath "/OPT/altera/12.1/tools/quartus//sopc_builder/bin/sopc_builder.jar:/OPT/altera/12.1/tools/quartus//sopc_builder/bin/PinAssigner.jar:/OPT/altera/12.1/tools/quartus//sopc_builder/bin/sopc_wizard.jar:/OPT/altera/12.1/tools/quartus//sopc_builder/bin/jptf.jar" sopc_builder.sopc_builder  -d"/OPT/altera/12.1/tools/quartus//sopc_builder" -notalkback=1 -projectnameyysystem.qpf -projectpath/tmp/alt6855_530048590021771224.dir/0015_sopclgen  --generate /tmp/alt6855_530048590021771224.dir/0015_sopclgen/yysystem.v --quartus_dir="/OPT/altera/12.1/tools/quartus/" --sopc_perl="/OPT/altera/12.1/tools/quartus//linux/perl" --sopc_lib_path="++/OPT/altera/12.1/tools/quartus//../ip/altera/sopc_builder_ip+/OPT/altera/12.1/tools/quartus//../ip/altera/nios2_ip"
.
.
# 2016.02.24 15:29:08 (*) Running Test Generator Program for Evo_Synth_sdram_0
# 2016.02.24 15:29:09 (*) Success: sopc_builder finished.
Info: sdram_0: "Evo_Synth" instantiated altera_avalon_new_sdram_controller "sdram_0"
Info: sram_0: Starting Generation of SRAM or SSRAM Controller
Info: sram_0: "Evo_Synth" instantiated altera_up_avalon_sram "sram_0"
Info: nios2_qsys_0: Starting RTL generation for module 'Evo_Synth_nios2_qsys_0'
Info: nios2_qsys_0:   Generation command is [exec /OPT/altera/12.1/tools/quartus/../ip/altera/nios2_ip/altera_nios2/eperl -I /OPT/altera/12.1/tools/quartus/common/ip/altera/common/perl/5.8.3 -I /OPT/altera/12.1/tools/quartus/sopc_builder/bin/europa -I /OPT/altera/12.1/tools/quartus/sopc_builder/bin/perl_lib -I /OPT/altera/12.1/tools/quartus/sopc_builder/bin -I /OPT/altera/12.1/tools/quartus/../ip/altera/nios2_ip/altera_nios2/cpu_lib -I /OPT/altera/12.1/tools/quartus/../ip/altera/nios2_ip/altera_nios2/nios_lib -I /OPT/altera/12.1/tools/quartus/../ip/altera/nios2_ip/altera_nios2 -I /OPT/altera/12.1/tools/quartus/../ip/altera/nios2_ip/altera_nios2 -- /OPT/altera/12.1/tools/quartus/../ip/altera/nios2_ip/altera_nios2/generate_rtl.epl --name=Evo_Synth_nios2_qsys_0 --dir=/tmp/alt6855_530048590021771224.dir/0017_nios2_qsys_0_gen/ --quartus_dir=/OPT/altera/12.1/tools/quartus --verilog --config=/tmp/alt6855_530048590021771224.dir/0017_nios2_qsys_0_gen//Evo_Synth_nios2_qsys_0_processor_configuration.pl  --do_build_sim=0    --bogus  ]
Info: nios2_qsys_0: # 2016.02.24 15:29:10 (*) Starting Nios II generation
Info: nios2_qsys_0: # 2016.02.24 15:29:10 (*)   Checking for plaintext license.
Info: nios2_qsys_0: # 2016.02.24 15:29:11 (*)   Couldn't query license setup in Quartus directory /OPT/altera/12.1/tools/quartus
Info: nios2_qsys_0: # 2016.02.24 15:29:11 (*)   Defaulting to contents of LM_LICENSE_FILE environment variable
Info: nios2_qsys_0: # 2016.02.24 15:29:11 (*)   Plaintext license not found.
Info: nios2_qsys_0: # 2016.02.24 15:29:11 (*)   No license required to generate encrypted Nios II/e.
Info: nios2_qsys_0: # 2016.02.24 15:29:11 (*)   Elaborating CPU configuration settings
Info: nios2_qsys_0: # 2016.02.24 15:29:11 (*)   Creating all objects for CPU
Info: nios2_qsys_0: # 2016.02.24 15:29:12 (*)   Generating RTL from CPU objects
Info: nios2_qsys_0: # 2016.02.24 15:29:12 (*)   Creating plain-text RTL
Info: nios2_qsys_0: # 2016.02.24 15:29:15 (*) Done Nios II generation
Info: nios2_qsys_0: Done RTL generation for module 'Evo_Synth_nios2_qsys_0'
Info: nios2_qsys_0: "Evo_Synth" instantiated altera_nios2_qsys "nios2_qsys_0"
Info: tristate_conduit_bridge_0: "Evo_Synth" instantiated altera_tristate_conduit_bridge "tristate_conduit_bridge_0"
Info: pipeline_bridge_swap_transform: After transform: 4 modules, 7 connections
Info: No custom instruction connections, skipping transform 
Info: No Avalon connections, skipping transform 
Info: No Avalon connections, skipping transform 
Info: tristate_conduit_pin_sharer_0: "Evo_Synth" instantiated altera_tristate_conduit_pin_sharer "tristate_conduit_pin_sharer_0"
Info: pipeline_bridge_swap_transform: After transform: 5 modules, 10 connections
Info: No custom instruction connections, skipping transform 
Info: generic_tristate_controller_0: "Evo_Synth" instantiated altera_generic_tristate_controller "generic_tristate_controller_0"
Info: synthesizer_0: "Evo_Synth" instantiated synthesizer "synthesizer_0"
Info: nios2_qsys_0_instruction_master_translator: "Evo_Synth" instantiated altera_merlin_master_translator "nios2_qsys_0_instruction_master_translator"
Info: nios2_qsys_0_jtag_debug_module_translator: "Evo_Synth" instantiated altera_merlin_slave_translator "nios2_qsys_0_jtag_debug_module_translator"
Info: nios2_qsys_0_instruction_master_translator_avalon_universal_master_0_agent: "Evo_Synth" instantiated altera_merlin_master_agent "nios2_qsys_0_instruction_master_translator_avalon_universal_master_0_agent"
Info: nios2_qsys_0_jtag_debug_module_translator_avalon_universal_slave_0_agent: "Evo_Synth" instantiated altera_merlin_slave_agent "nios2_qsys_0_jtag_debug_module_translator_avalon_universal_slave_0_agent"
Info: nios2_qsys_0_jtag_debug_module_translator_avalon_universal_slave_0_agent_rsp_fifo: "Evo_Synth" instantiated altera_avalon_sc_fifo "nios2_qsys_0_jtag_debug_module_translator_avalon_universal_slave_0_agent_rsp_fifo"
Info: addr_router: "Evo_Synth" instantiated altera_merlin_router "addr_router"
Info: addr_router_001: "Evo_Synth" instantiated altera_merlin_router "addr_router_001"
Info: id_router: "Evo_Synth" instantiated altera_merlin_router "id_router"
Info: id_router_001: "Evo_Synth" instantiated altera_merlin_router "id_router_001"
Info: id_router_006: "Evo_Synth" instantiated altera_merlin_router "id_router_006"
Info: id_router_011: "Evo_Synth" instantiated altera_merlin_router "id_router_011"
Info: burst_adapter: "Evo_Synth" instantiated altera_merlin_burst_adapter "burst_adapter"
Info: rst_controller: "Evo_Synth" instantiated altera_reset_controller "rst_controller"
Info: cmd_xbar_demux: "Evo_Synth" instantiated altera_merlin_demultiplexer "cmd_xbar_demux"
Info: cmd_xbar_demux_001: "Evo_Synth" instantiated altera_merlin_demultiplexer "cmd_xbar_demux_001"
Info: cmd_xbar_mux: "Evo_Synth" instantiated altera_merlin_multiplexer "cmd_xbar_mux"
Info: rsp_xbar_demux: "Evo_Synth" instantiated altera_merlin_demultiplexer "rsp_xbar_demux"
Info: rsp_xbar_demux_011: "Evo_Synth" instantiated altera_merlin_demultiplexer "rsp_xbar_demux_011"
Info: rsp_xbar_mux: "Evo_Synth" instantiated altera_merlin_multiplexer "rsp_xbar_mux"
Info: Reusing file /afs/ualberta.ca/home/s/c/schuman/ece492/EvolutionOfMusic/src/Evo_Synth/synthesis/submodules/altera_merlin_arbitrator.sv
Info: rsp_xbar_mux_001: "Evo_Synth" instantiated altera_merlin_multiplexer "rsp_xbar_mux_001"
Info: Reusing file /afs/ualberta.ca/home/s/c/schuman/ece492/EvolutionOfMusic/src/Evo_Synth/synthesis/submodules/altera_merlin_arbitrator.sv
Info: width_adapter: "Evo_Synth" instantiated altera_merlin_width_adapter "width_adapter"
Info: Reusing file /afs/ualberta.ca/home/s/c/schuman/ece492/EvolutionOfMusic/src/Evo_Synth/synthesis/submodules/altera_merlin_burst_uncompressor.sv
Info: Reusing file /afs/ualberta.ca/home/s/c/schuman/ece492/EvolutionOfMusic/src/Evo_Synth/synthesis/submodules/altera_merlin_address_alignment.sv
Info: crosser: "Evo_Synth" instantiated altera_avalon_st_handshake_clock_crosser "crosser"
Info: irq_mapper: "Evo_Synth" instantiated altera_irq_mapper "irq_mapper"
Info: pin_sharer: "tristate_conduit_pin_sharer_0" instantiated altera_tristate_conduit_pin_sharer_core "pin_sharer"
Info: arbiter: "tristate_conduit_pin_sharer_0" instantiated altera_merlin_std_arbitrator "arbiter"
Info: tdt: "generic_tristate_controller_0" instantiated altera_tristate_controller_translator "tdt"
Info: tda: "generic_tristate_controller_0" instantiated altera_tristate_controller_aggregator "tda"
Info: Evo_Synth: Done Evo_Synth" with 43 modules, 382 files, 9499066 bytes
Info: ip-generate succeeded.
Info: Finished: Create HDL design files for synthesis
