Info: Starting: Create simulation model
Info: ip-generate --project-directory=/afs/ualberta.ca/home/s/c/schuman/ece492/EvolutionOfMusic/src/niosII_microc_lab2/scripts/ --output-directory=/afs/ualberta.ca/home/s/c/schuman/ece492/EvolutionOfMusic/src/niosII_microc_lab2/scripts/niosII_system/simulation/ --file-set=SIM_VHDL --report-file=sopcinfo:/afs/ualberta.ca/home/s/c/schuman/ece492/EvolutionOfMusic/src/niosII_microc_lab2/scripts/niosII_system.sopcinfo --report-file=html:/afs/ualberta.ca/home/s/c/schuman/ece492/EvolutionOfMusic/src/niosII_microc_lab2/scripts/niosII_system.html --report-file=sip:/afs/ualberta.ca/home/s/c/schuman/ece492/EvolutionOfMusic/src/niosII_microc_lab2/scripts/niosII_system/simulation/niosII_system.sip --report-file=csv:/afs/ualberta.ca/home/s/c/schuman/ece492/EvolutionOfMusic/src/niosII_microc_lab2/scripts/niosII_system.csv --report-file=spd:/afs/ualberta.ca/home/s/c/schuman/ece492/EvolutionOfMusic/src/niosII_microc_lab2/scripts/niosII_system.spd --report-file=cmp:/afs/ualberta.ca/home/s/c/schuman/ece492/EvolutionOfMusic/src/niosII_microc_lab2/scripts/niosII_system.cmp --system-info=DEVICE_FAMILY="Cyclone II" --system-info=DEVICE=EP2C35F672C6 --system-info=DEVICE_SPEEDGRADE=6 --component-file=/afs/ualberta.ca/home/s/c/schuman/ece492/EvolutionOfMusic/src/niosII_microc_lab2/scripts/niosII_system.qsys
Progress: Loading scripts/niosII_system.qsys
Progress: Reading input file
Progress: Adding clk_0 [clock_source 12.1]
Progress: Parameterizing module clk_0
Progress: Adding nios2_qsys_0 [altera_nios2_qsys 12.1]
Progress: Parameterizing module nios2_qsys_0
Progress: Adding onchip_memory2_0 [altera_avalon_onchip_memory2 12.1]
Progress: Parameterizing module onchip_memory2_0
Progress: Adding sysid_qsys_0 [altera_avalon_sysid_qsys 12.1]
Progress: Parameterizing module sysid_qsys_0
Progress: Adding timer_0 [altera_avalon_timer 12.1]
Progress: Parameterizing module timer_0
Progress: Adding jtag_uart_0 [altera_avalon_jtag_uart 12.1]
Progress: Parameterizing module jtag_uart_0
Progress: Adding character_lcd_0 [altera_up_avalon_character_lcd 12.0]
Progress: Parameterizing module character_lcd_0
Progress: Adding green_leds [altera_avalon_pio 12.1]
Progress: Parameterizing module green_leds
Progress: Adding switch [altera_avalon_pio 12.1]
Progress: Parameterizing module switch
Progress: Adding altpll_0 [altpll 12.1]
Progress: Parameterizing module altpll_0
Progress: Adding sdram_0 [altera_avalon_new_sdram_controller 12.1]
Progress: Parameterizing module sdram_0
Progress: Adding sram_0 [altera_up_avalon_sram 12.0]
Progress: Parameterizing module sram_0
Progress: Adding gate_timer [altera_avalon_timer 12.1]
Progress: Parameterizing module gate_timer
Progress: Adding audio_0 [altera_up_avalon_audio 12.0]
Progress: Parameterizing module audio_0
Progress: Adding audio_and_video_config_0 [altera_up_avalon_audio_and_video_config 12.0]
Progress: Parameterizing module audio_and_video_config_0
Progress: Adding up_clocks_0 [altera_up_clocks 12.0]
Progress: Parameterizing module up_clocks_0
Progress: Adding clk_1 [clock_source 12.1]
Progress: Parameterizing module clk_1
Progress: Adding clk_2 [clock_source 12.1]
Progress: Parameterizing module clk_2
Progress: Adding synthesizer_0 [synthesizer 1.0]
Progress: Parameterizing module synthesizer_0
Progress: Building connections
Progress: Parameterizing connections
Progress: Validating
Progress: Done reading input file
Info: niosII_system.onchip_memory2_0: Memory will be initialized from onchip_memory2_0.hex
Info: niosII_system.sysid_qsys_0: System ID is not assigned automatically. Edit the System ID parameter to provide a unique ID
Info: niosII_system.sysid_qsys_0: Time stamp will be automatically updated when this component is generated.
Warning: niosII_system.audio_0.avalon_left_channel_source: audio_0.avalon_left_channel_source must be connected to an Avalon-ST sink
Warning: niosII_system.audio_0.avalon_right_channel_source: audio_0.avalon_right_channel_source must be connected to an Avalon-ST sink
Warning: niosII_system.audio_0.avalon_right_channel_sink: audio_0.avalon_right_channel_sink must be connected to an Avalon-ST source
Info: niosII_system: Generating niosII_system "niosII_system" for SIM_VHDL
Info: pipeline_bridge_swap_transform: After transform: 14 modules, 54 connections
Info: No custom instruction connections, skipping transform 
Info: merlin_translator_transform: After transform: 26 modules, 100 connections
Info: merlin_domain_transform: After transform: 49 modules, 246 connections
Info: merlin_router_transform: After transform: 61 modules, 292 connections
Info: merlin_burst_transform: After transform: 63 modules, 300 connections
Info: reset_adaptation_transform: After transform: 66 modules, 249 connections
Info: merlin_network_to_switch_transform: After transform: 89 modules, 305 connections
Info: merlin_width_transform: After transform: 93 modules, 317 connections
Info: merlin_interrupt_mapper_transform: After transform: 94 modules, 320 connections
Info: nios2_qsys_0: Starting RTL generation for module 'niosII_system_nios2_qsys_0'
Info: nios2_qsys_0:   Generation command is [exec /OPT/altera/12.1/tools/quartus/../ip/altera/nios2_ip/altera_nios2/eperl -I /OPT/altera/12.1/tools/quartus/common/ip/altera/common/perl/5.8.3 -I /OPT/altera/12.1/tools/quartus/sopc_builder/bin/europa -I /OPT/altera/12.1/tools/quartus/sopc_builder/bin/perl_lib -I /OPT/altera/12.1/tools/quartus/sopc_builder/bin -I /OPT/altera/12.1/tools/quartus/../ip/altera/nios2_ip/altera_nios2/cpu_lib -I /OPT/altera/12.1/tools/quartus/../ip/altera/nios2_ip/altera_nios2/nios_lib -I /OPT/altera/12.1/tools/quartus/../ip/altera/nios2_ip/altera_nios2 -I /OPT/altera/12.1/tools/quartus/../ip/altera/nios2_ip/altera_nios2 -- /OPT/altera/12.1/tools/quartus/../ip/altera/nios2_ip/altera_nios2/generate_rtl.epl --name=niosII_system_nios2_qsys_0 --dir=/tmp/alt6876_4954992386977189846.dir/1940_nios2_qsys_0_gen/ --quartus_dir=/OPT/altera/12.1/tools/quartus --vhdl --config=/tmp/alt6876_4954992386977189846.dir/1940_nios2_qsys_0_gen//niosII_system_nios2_qsys_0_processor_configuration.pl  --do_build_sim=1    --sim_dir=/tmp/alt6876_4954992386977189846.dir/1940_nios2_qsys_0_gen/    --bogus  ]
Info: nios2_qsys_0: # 2016.03.16 18:09:42 (*) Starting Nios II generation
Info: nios2_qsys_0: # 2016.03.16 18:09:42 (*)   Checking for plaintext license.
Info: nios2_qsys_0: # 2016.03.16 18:09:43 (*)   Couldn't query license setup in Quartus directory /OPT/altera/12.1/tools/quartus
Info: nios2_qsys_0: # 2016.03.16 18:09:43 (*)   Defaulting to contents of LM_LICENSE_FILE environment variable
Info: nios2_qsys_0: # 2016.03.16 18:09:43 (*)   Plaintext license not found.
Info: nios2_qsys_0: # 2016.03.16 18:09:43 (*)   No license required to generate encrypted Nios II/e.
Info: nios2_qsys_0: # 2016.03.16 18:09:43 (*)   Elaborating CPU configuration settings
Info: nios2_qsys_0: # 2016.03.16 18:09:43 (*)   Creating all objects for CPU
Info: nios2_qsys_0: # 2016.03.16 18:09:44 (*)   Creating '/tmp/alt6876_4954992386977189846.dir/1940_nios2_qsys_0_gen//niosII_system_nios2_qsys_0.do'
Info: nios2_qsys_0: # 2016.03.16 18:09:44 (*)   Generating RTL from CPU objects
Info: nios2_qsys_0: # 2016.03.16 18:09:44 (*)   Creating plain-text RTL
Info: nios2_qsys_0: # 2016.03.16 18:09:47 (*) Done Nios II generation
Info: nios2_qsys_0: Done RTL generation for module 'niosII_system_nios2_qsys_0'
Info: nios2_qsys_0: "niosII_system" instantiated altera_nios2_qsys "nios2_qsys_0"
Info: Starting classic module elaboration.
"/OPT/altera/12.1/tools/quartus/linux/jre/bin/java" -Xmx512M -classpath "/OPT/altera/12.1/tools/quartus/sopc_builder/bin/sopc_builder.jar:/OPT/altera/12.1/tools/quartus/sopc_builder/bin/PinAssigner.jar:/OPT/altera/12.1/tools/quartus/sopc_builder/bin/sopc_wizard.jar:/OPT/altera/12.1/tools/quartus/sopc_builder/bin/jptf.jar" sopc_builder.sopc_builder  -d"/OPT/altera/12.1/tools/quartus/sopc_builder" -notalkback=1 -projectnameyysystem.qpf -projectpath/tmp/alt6876_4954992386977189846.dir/1941_sopclgen  --no_splash --refresh /tmp/alt6876_4954992386977189846.dir/1941_sopclgen/yysystem.vhd --quartus_dir="/OPT/altera/12.1/tools/quartus" --sopc_perl="/OPT/altera/12.1/tools/quartus/linux/perl" --sopc_lib_path="++/OPT/altera/12.1/tools/quartus/../ip/altera/sopc_builder_ip+/OPT/altera/12.1/tools/quartus/../ip/altera/nios2_ip"
Info: Finished elaborating classic module.
Executing: /OPT/altera/12.1/tools/quartus//sopc_builder/bin/sopc_builder --classic --generate /tmp/alt6876_4954992386977189846.dir/1941_sopclgen/yysystem.ptf
Info: Running sopc_builder...
"/OPT/altera/12.1/tools/quartus//linux/jre/bin/java" -Xmx512M -classpath "/OPT/altera/12.1/tools/quartus//sopc_builder/bin/sopc_builder.jar:/OPT/altera/12.1/tools/quartus//sopc_builder/bin/PinAssigner.jar:/OPT/altera/12.1/tools/quartus//sopc_builder/bin/sopc_wizard.jar:/OPT/altera/12.1/tools/quartus//sopc_builder/bin/jptf.jar" sopc_builder.sopc_builder  -d"/OPT/altera/12.1/tools/quartus//sopc_builder" -notalkback=1 -projectnameyysystem.qpf -projectpath/tmp/alt6876_4954992386977189846.dir/1941_sopclgen  --generate /tmp/alt6876_4954992386977189846.dir/1941_sopclgen/yysystem.vhd --quartus_dir="/OPT/altera/12.1/tools/quartus/" --sopc_perl="/OPT/altera/12.1/tools/quartus//linux/perl" --sopc_lib_path="++/OPT/altera/12.1/tools/quartus//../ip/altera/sopc_builder_ip+/OPT/altera/12.1/tools/quartus//../ip/altera/nios2_ip"
.
# 2016.03.16 18:09:51 (*) Success: sopc_builder finished.
Info: onchip_memory2_0: "niosII_system" instantiated altera_avalon_onchip_memory2 "onchip_memory2_0"
Info: sysid_qsys_0: Generating VHDL simulation model
Info: sysid_qsys_0: Generated simulation model niosII_system_sysid_qsys_0.vho
Info: sysid_qsys_0: "niosII_system" instantiated altera_avalon_sysid_qsys "sysid_qsys_0"
Info: Starting classic module elaboration.
"/OPT/altera/12.1/tools/quartus/linux/jre/bin/java" -Xmx512M -classpath "/OPT/altera/12.1/tools/quartus/sopc_builder/bin/sopc_builder.jar:/OPT/altera/12.1/tools/quartus/sopc_builder/bin/PinAssigner.jar:/OPT/altera/12.1/tools/quartus/sopc_builder/bin/sopc_wizard.jar:/OPT/altera/12.1/tools/quartus/sopc_builder/bin/jptf.jar" sopc_builder.sopc_builder  -d"/OPT/altera/12.1/tools/quartus/sopc_builder" -notalkback=1 -projectnameyysystem.qpf -projectpath/tmp/alt6876_4954992386977189846.dir/1945_sopclgen  --no_splash --refresh /tmp/alt6876_4954992386977189846.dir/1945_sopclgen/yysystem.vhd --quartus_dir="/OPT/altera/12.1/tools/quartus" --sopc_perl="/OPT/altera/12.1/tools/quartus/linux/perl" --sopc_lib_path="++/OPT/altera/12.1/tools/quartus/../ip/altera/sopc_builder_ip+/OPT/altera/12.1/tools/quartus/../ip/altera/nios2_ip"
Info: Finished elaborating classic module.
Executing: /OPT/altera/12.1/tools/quartus//sopc_builder/bin/sopc_builder --classic --generate /tmp/alt6876_4954992386977189846.dir/1945_sopclgen/yysystem.ptf
Info: Running sopc_builder...
"/OPT/altera/12.1/tools/quartus//linux/jre/bin/java" -Xmx512M -classpath "/OPT/altera/12.1/tools/quartus//sopc_builder/bin/sopc_builder.jar:/OPT/altera/12.1/tools/quartus//sopc_builder/bin/PinAssigner.jar:/OPT/altera/12.1/tools/quartus//sopc_builder/bin/sopc_wizard.jar:/OPT/altera/12.1/tools/quartus//sopc_builder/bin/jptf.jar" sopc_builder.sopc_builder  -d"/OPT/altera/12.1/tools/quartus//sopc_builder" -notalkback=1 -projectnameyysystem.qpf -projectpath/tmp/alt6876_4954992386977189846.dir/1945_sopclgen  --generate /tmp/alt6876_4954992386977189846.dir/1945_sopclgen/yysystem.vhd --quartus_dir="/OPT/altera/12.1/tools/quartus/" --sopc_perl="/OPT/altera/12.1/tools/quartus//linux/perl" --sopc_lib_path="++/OPT/altera/12.1/tools/quartus//../ip/altera/sopc_builder_ip+/OPT/altera/12.1/tools/quartus//../ip/altera/nios2_ip"
.
# 2016.03.16 18:09:56 (*) Success: sopc_builder finished.
Info: timer_0: "niosII_system" instantiated altera_avalon_timer "timer_0"
Info: Starting classic module elaboration.
"/OPT/altera/12.1/tools/quartus/linux/jre/bin/java" -Xmx512M -classpath "/OPT/altera/12.1/tools/quartus/sopc_builder/bin/sopc_builder.jar:/OPT/altera/12.1/tools/quartus/sopc_builder/bin/PinAssigner.jar:/OPT/altera/12.1/tools/quartus/sopc_builder/bin/sopc_wizard.jar:/OPT/altera/12.1/tools/quartus/sopc_builder/bin/jptf.jar" sopc_builder.sopc_builder  -d"/OPT/altera/12.1/tools/quartus/sopc_builder" -notalkback=1 -projectnameyysystem.qpf -projectpath/tmp/alt6876_4954992386977189846.dir/1946_sopclgen  --no_splash --refresh /tmp/alt6876_4954992386977189846.dir/1946_sopclgen/yysystem.vhd --quartus_dir="/OPT/altera/12.1/tools/quartus" --sopc_perl="/OPT/altera/12.1/tools/quartus/linux/perl" --sopc_lib_path="++/OPT/altera/12.1/tools/quartus/../ip/altera/sopc_builder_ip+/OPT/altera/12.1/tools/quartus/../ip/altera/nios2_ip"
Info: Finished elaborating classic module.
Executing: /OPT/altera/12.1/tools/quartus//sopc_builder/bin/sopc_builder --classic --generate /tmp/alt6876_4954992386977189846.dir/1946_sopclgen/yysystem.ptf
Info: Running sopc_builder...
"/OPT/altera/12.1/tools/quartus//linux/jre/bin/java" -Xmx512M -classpath "/OPT/altera/12.1/tools/quartus//sopc_builder/bin/sopc_builder.jar:/OPT/altera/12.1/tools/quartus//sopc_builder/bin/PinAssigner.jar:/OPT/altera/12.1/tools/quartus//sopc_builder/bin/sopc_wizard.jar:/OPT/altera/12.1/tools/quartus//sopc_builder/bin/jptf.jar" sopc_builder.sopc_builder  -d"/OPT/altera/12.1/tools/quartus//sopc_builder" -notalkback=1 -projectnameyysystem.qpf -projectpath/tmp/alt6876_4954992386977189846.dir/1946_sopclgen  --generate /tmp/alt6876_4954992386977189846.dir/1946_sopclgen/yysystem.vhd --quartus_dir="/OPT/altera/12.1/tools/quartus/" --sopc_perl="/OPT/altera/12.1/tools/quartus//linux/perl" --sopc_lib_path="++/OPT/altera/12.1/tools/quartus//../ip/altera/sopc_builder_ip+/OPT/altera/12.1/tools/quartus//../ip/altera/nios2_ip"
.
# 2016.03.16 18:10:00 (*) Success: sopc_builder finished.
Info: jtag_uart_0: "niosII_system" instantiated altera_avalon_jtag_uart "jtag_uart_0"
Info: Starting classic module elaboration.
"/OPT/altera/12.1/tools/quartus/linux/jre/bin/java" -Xmx512M -classpath "/OPT/altera/12.1/tools/quartus/sopc_builder/bin/sopc_builder.jar:/OPT/altera/12.1/tools/quartus/sopc_builder/bin/PinAssigner.jar:/OPT/altera/12.1/tools/quartus/sopc_builder/bin/sopc_wizard.jar:/OPT/altera/12.1/tools/quartus/sopc_builder/bin/jptf.jar" sopc_builder.sopc_builder  -d"/OPT/altera/12.1/tools/quartus/sopc_builder" -notalkback=1 -projectnameyysystem.qpf -projectpath/tmp/alt6876_4954992386977189846.dir/1947_sopclgen  --no_splash --refresh /tmp/alt6876_4954992386977189846.dir/1947_sopclgen/yysystem.vhd --quartus_dir="/OPT/altera/12.1/tools/quartus" --sopc_perl="/OPT/altera/12.1/tools/quartus/linux/perl" --sopc_lib_path="++/OPT/altera/12.1/tools/quartus/../ip/altera/sopc_builder_ip+/OPT/altera/12.1/tools/quartus/../ip/altera/nios2_ip"
Info: Finished elaborating classic module.
Executing: /OPT/altera/12.1/tools/quartus//sopc_builder/bin/sopc_builder --classic --generate /tmp/alt6876_4954992386977189846.dir/1947_sopclgen/yysystem.ptf
Info: Running sopc_builder...
"/OPT/altera/12.1/tools/quartus//linux/jre/bin/java" -Xmx512M -classpath "/OPT/altera/12.1/tools/quartus//sopc_builder/bin/sopc_builder.jar:/OPT/altera/12.1/tools/quartus//sopc_builder/bin/PinAssigner.jar:/OPT/altera/12.1/tools/quartus//sopc_builder/bin/sopc_wizard.jar:/OPT/altera/12.1/tools/quartus//sopc_builder/bin/jptf.jar" sopc_builder.sopc_builder  -d"/OPT/altera/12.1/tools/quartus//sopc_builder" -notalkback=1 -projectnameyysystem.qpf -projectpath/tmp/alt6876_4954992386977189846.dir/1947_sopclgen  --generate /tmp/alt6876_4954992386977189846.dir/1947_sopclgen/yysystem.vhd --quartus_dir="/OPT/altera/12.1/tools/quartus/" --sopc_perl="/OPT/altera/12.1/tools/quartus//linux/perl" --sopc_lib_path="++/OPT/altera/12.1/tools/quartus//../ip/altera/sopc_builder_ip+/OPT/altera/12.1/tools/quartus//../ip/altera/nios2_ip"
.
.
# 2016.03.16 18:10:04 (*) Running Test Generator Program for niosII_system_sdram_0
# 2016.03.16 18:10:05 (*) Success: sopc_builder finished.
Info: sdram_0: "niosII_system" instantiated altera_avalon_new_sdram_controller "sdram_0"
Info: sram_0: Starting Generation of SRAM or SSRAM Controller
Info: sram_0: "niosII_system" instantiated altera_up_avalon_sram "sram_0"
Info: Starting classic module elaboration.
"/OPT/altera/12.1/tools/quartus/linux/jre/bin/java" -Xmx512M -classpath "/OPT/altera/12.1/tools/quartus/sopc_builder/bin/sopc_builder.jar:/OPT/altera/12.1/tools/quartus/sopc_builder/bin/PinAssigner.jar:/OPT/altera/12.1/tools/quartus/sopc_builder/bin/sopc_wizard.jar:/OPT/altera/12.1/tools/quartus/sopc_builder/bin/jptf.jar" sopc_builder.sopc_builder  -d"/OPT/altera/12.1/tools/quartus/sopc_builder" -notalkback=1 -projectnameyysystem.qpf -projectpath/tmp/alt6876_4954992386977189846.dir/1949_sopclgen  --no_splash --refresh /tmp/alt6876_4954992386977189846.dir/1949_sopclgen/yysystem.vhd --quartus_dir="/OPT/altera/12.1/tools/quartus" --sopc_perl="/OPT/altera/12.1/tools/quartus/linux/perl" --sopc_lib_path="++/OPT/altera/12.1/tools/quartus/../ip/altera/sopc_builder_ip+/OPT/altera/12.1/tools/quartus/../ip/altera/nios2_ip"
Info: Finished elaborating classic module.
Executing: /OPT/altera/12.1/tools/quartus//sopc_builder/bin/sopc_builder --classic --generate /tmp/alt6876_4954992386977189846.dir/1949_sopclgen/yysystem.ptf
Info: Running sopc_builder...
"/OPT/altera/12.1/tools/quartus//linux/jre/bin/java" -Xmx512M -classpath "/OPT/altera/12.1/tools/quartus//sopc_builder/bin/sopc_builder.jar:/OPT/altera/12.1/tools/quartus//sopc_builder/bin/PinAssigner.jar:/OPT/altera/12.1/tools/quartus//sopc_builder/bin/sopc_wizard.jar:/OPT/altera/12.1/tools/quartus//sopc_builder/bin/jptf.jar" sopc_builder.sopc_builder  -d"/OPT/altera/12.1/tools/quartus//sopc_builder" -notalkback=1 -projectnameyysystem.qpf -projectpath/tmp/alt6876_4954992386977189846.dir/1949_sopclgen  --generate /tmp/alt6876_4954992386977189846.dir/1949_sopclgen/yysystem.vhd --quartus_dir="/OPT/altera/12.1/tools/quartus/" --sopc_perl="/OPT/altera/12.1/tools/quartus//linux/perl" --sopc_lib_path="++/OPT/altera/12.1/tools/quartus//../ip/altera/sopc_builder_ip+/OPT/altera/12.1/tools/quartus//../ip/altera/nios2_ip"
.
# 2016.03.16 18:10:09 (*) Success: sopc_builder finished.
Info: gate_timer: "niosII_system" instantiated altera_avalon_timer "gate_timer"
Info: audio_0: Starting Generation of Audio Controller
Info: audio_0: "niosII_system" instantiated altera_up_avalon_audio "audio_0"
Info: audio_and_video_config_0: Starting Generation of Audio and Video Config
Info: audio_and_video_config_0: "niosII_system" instantiated altera_up_avalon_audio_and_video_config "audio_and_video_config_0"
Info: up_clocks_0: Starting Generation of Required Clocks for DE-Series Boards
Info: up_clocks_0: "niosII_system" instantiated altera_up_clocks "up_clocks_0"
Error: synthesizer_0: synthesizer does not support generation for VHDL Simulation. Generation is available for: Quartus Synthesis.
Error: Generation stopped, 84 or more modules remaining
Info: niosII_system: Done niosII_system" with 49 modules, 58 files, 1530659 bytes
Error: ip-generate failed with exit code 1: 2 Errors, 3 Warnings
Info: Finished: Create simulation model
Info: Starting: Create Modelsim Project.
Info: sim-script-gen --spd=/afs/ualberta.ca/home/s/c/schuman/ece492/EvolutionOfMusic/src/niosII_microc_lab2/scripts/niosII_system.spd --output-directory=/afs/ualberta.ca/home/s/c/schuman/ece492/EvolutionOfMusic/src/niosII_microc_lab2/scripts/niosII_system/simulation/
Info: Doing: ip-make-simscript --spd=/afs/ualberta.ca/home/s/c/schuman/ece492/EvolutionOfMusic/src/niosII_microc_lab2/scripts/niosII_system.spd --output-directory=/afs/ualberta.ca/home/s/c/schuman/ece492/EvolutionOfMusic/src/niosII_microc_lab2/scripts/niosII_system/simulation/
Info: Generating the following file(s) for MODELSIM simulator in /afs/ualberta.ca/home/s/c/schuman/ece492/EvolutionOfMusic/src/niosII_microc_lab2/scripts/niosII_system/simulation/ directory:
Info: 	mentor/msim_setup.tcl
Info: Skipping VCS script generation since VHDL file /OPT/altera/12.1/tools/quartus/eda/sim_lib/altera_syn_attributes.vhd is required for simulation
Info: Generating the following file(s) for VCSMX simulator in /afs/ualberta.ca/home/s/c/schuman/ece492/EvolutionOfMusic/src/niosII_microc_lab2/scripts/niosII_system/simulation/ directory:
Info: 	synopsys/vcsmx/synopsys_sim.setup
Info: 	synopsys/vcsmx/vcsmx_setup.sh
Info: Generating the following file(s) for NCSIM simulator in /afs/ualberta.ca/home/s/c/schuman/ece492/EvolutionOfMusic/src/niosII_microc_lab2/scripts/niosII_system/simulation/ directory:
Info: 	cadence/cds.lib
Info: 	cadence/hdl.var
Info: 	cadence/ncsim_setup.sh
Info: 	11 .cds.lib files in cadence/cds_libs/ directory
Info: Generating the following file(s) for RIVIERAPRO simulator in /afs/ualberta.ca/home/s/c/schuman/ece492/EvolutionOfMusic/src/niosII_microc_lab2/scripts/niosII_system/simulation/ directory:
Info: 	aldec/rivierapro_setup.tcl
Info: Stopping: Create Modelsim Project.
